<?xml version="1.0" encoding="UTF-8"?>
<robot generator="Robot 7.2.2 (Python 3.13.2 on win32)" generated="2025-04-05T12:30:06.741018" rpa="false" schemaversion="5">
<suite id="s1" name="Fb-Signup-Test-Automation" source="c:\Users\John Paolo\Desktop\Thesis\fb-signup-test-automation">
<suite id="s1-s1" name="Signup Test" source="c:\Users\John Paolo\Desktop\Thesis\fb-signup-test-automation\signup_test.robot">
<test id="s1-s1-t1" name="Invalid Password Missing Number" line="112">
<kw name="Given Browser Is Opened To Facebook Registration Page" owner="resource">
<kw name="Evaluate" owner="BuiltIn">
<msg time="2025-04-05T12:30:06.939858" level="INFO">${chrome_options} = &lt;selenium.webdriver.chrome.options.Options object at 0x000001F1EFE1C440&gt;</msg>
<var>${chrome_options}</var>
<arg>sys.modules['selenium.webdriver'].ChromeOptions()</arg>
<arg>modules=sys</arg>
<doc>Evaluates the given expression in Python and returns the result.</doc>
<status status="PASS" start="2025-04-05T12:30:06.939441" elapsed="0.000611"/>
</kw>
<kw name="Call Method" owner="BuiltIn">
<arg>${chrome_options}</arg>
<arg>add_argument</arg>
<arg>--incognito</arg>
<doc>Calls the named method of the given object with the provided arguments.</doc>
<status status="PASS" start="2025-04-05T12:30:06.940266" elapsed="0.000426"/>
</kw>
<kw name="Create Webdriver" owner="SeleniumLibrary">
<msg time="2025-04-05T12:30:06.941074" level="INFO">Creating an instance of the Chrome WebDriver.</msg>
<arg>Chrome</arg>
<arg>options=${chrome_options}</arg>
<doc>Creates an instance of Selenium WebDriver.</doc>
<status status="PASS" start="2025-04-05T12:30:06.940835" elapsed="1.326646"/>
</kw>
<kw name="Go To" owner="SeleniumLibrary">
<msg time="2025-04-05T12:30:08.268093" level="INFO">Opening url 'https://www.facebook.com/r.php?locale=en_US&amp;display=page'</msg>
<arg>${FACEBOOK_REGISTER_URL}</arg>
<doc>Navigates the current browser window to the provided ``url``.</doc>
<status status="PASS" start="2025-04-05T12:30:08.267750" elapsed="0.699829"/>
</kw>
<kw name="Maximize Browser Window" owner="SeleniumLibrary">
<doc>Maximizes current browser window.</doc>
<status status="PASS" start="2025-04-05T12:30:08.967839" elapsed="0.027053"/>
</kw>
<kw name="Set Selenium Speed" owner="SeleniumLibrary">
<arg>${DELAY}</arg>
<doc>Sets the delay that is waited after each Selenium command.</doc>
<status status="PASS" start="2025-04-05T12:30:08.995126" elapsed="0.000420"/>
</kw>
<kw name="Registration Page Should Be Open" owner="resource">
<kw name="Title Should Be" owner="SeleniumLibrary">
<msg time="2025-04-05T12:30:09.501258" level="INFO">Page title is 'Sign Up for Facebook'.</msg>
<arg>Sign Up for Facebook</arg>
<doc>Verifies that the current page title equals ``title``.</doc>
<status status="PASS" start="2025-04-05T12:30:08.996110" elapsed="0.505476"/>
</kw>
<status status="PASS" start="2025-04-05T12:30:08.995753" elapsed="0.505995"/>
</kw>
<status status="PASS" start="2025-04-05T12:30:06.937664" elapsed="2.564171"/>
</kw>
<kw name="When User Enters Registration With Password" owner="resource">
<kw name="Input Text" owner="SeleniumLibrary">
<msg time="2025-04-05T12:30:09.505054" level="INFO">Typing text 'John Crisistom' into text field 'name:firstname'.</msg>
<arg>name:firstname</arg>
<arg>${VALID_FIRST_NAME}</arg>
<doc>Types the given ``text`` into the text field identified by ``locator``.</doc>
<status status="PASS" start="2025-04-05T12:30:09.504641" elapsed="1.614841"/>
</kw>
<kw name="Input Text" owner="SeleniumLibrary">
<msg time="2025-04-05T12:30:11.120063" level="INFO">Typing text 'Rosales' into text field 'name:lastname'.</msg>
<arg>name:lastname</arg>
<arg>${VALID_LAST_NAME}</arg>
<doc>Types the given ``text`` into the text field identified by ``locator``.</doc>
<status status="PASS" start="2025-04-05T12:30:11.119730" elapsed="1.566331"/>
</kw>
<kw name="Click Element" owner="SeleniumLibrary">
<msg time="2025-04-05T12:30:12.686606" level="INFO">Clicking element 'name:birthday_month'.</msg>
<arg>name:birthday_month</arg>
<doc>Click the element identified by ``locator``.</doc>
<status status="PASS" start="2025-04-05T12:30:12.686296" elapsed="1.057540"/>
</kw>
<kw name="Select From List By Value" owner="SeleniumLibrary">
<msg time="2025-04-05T12:30:13.744508" level="INFO">Selecting options from selection list 'name:birthday_month' by value 11.</msg>
<arg>name:birthday_month</arg>
<arg>${VALID_MONTH}</arg>
<doc>Selects options from selection list ``locator`` by ``values``.</doc>
<status status="PASS" start="2025-04-05T12:30:13.744096" elapsed="4.078111"/>
</kw>
<kw name="Click Element" owner="SeleniumLibrary">
<msg time="2025-04-05T12:30:17.822804" level="INFO">Clicking element 'name:birthday_day'.</msg>
<arg>name:birthday_day</arg>
<doc>Click the element identified by ``locator``.</doc>
<status status="PASS" start="2025-04-05T12:30:17.822469" elapsed="1.064175"/>
</kw>
<kw name="Select From List By Value" owner="SeleniumLibrary">
<msg time="2025-04-05T12:30:18.887313" level="INFO">Selecting options from selection list 'name:birthday_day' by value 17.</msg>
<arg>name:birthday_day</arg>
<arg>${VALID_DAY}</arg>
<doc>Selects options from selection list ``locator`` by ``values``.</doc>
<status status="PASS" start="2025-04-05T12:30:18.886904" elapsed="4.061943"/>
</kw>
<kw name="Click Element" owner="SeleniumLibrary">
<msg time="2025-04-05T12:30:22.949575" level="INFO">Clicking element 'name:birthday_year'.</msg>
<arg>name:birthday_year</arg>
<doc>Click the element identified by ``locator``.</doc>
<status status="PASS" start="2025-04-05T12:30:22.949151" elapsed="1.077528"/>
</kw>
<kw name="Select From List By Value" owner="SeleniumLibrary">
<msg time="2025-04-05T12:30:24.027390" level="INFO">Selecting options from selection list 'name:birthday_year' by value 1994.</msg>
<arg>name:birthday_year</arg>
<arg>${VALID_YEAR}</arg>
<doc>Selects options from selection list ``locator`` by ``values``.</doc>
<status status="PASS" start="2025-04-05T12:30:24.026955" elapsed="4.066323"/>
</kw>
<kw name="Click Element" owner="SeleniumLibrary">
<msg time="2025-04-05T12:30:28.093977" level="INFO">Clicking element 'css:input[name="sex"][value="2"]'.</msg>
<arg>css:input[name="sex"][value="2"]</arg>
<doc>Click the element identified by ``locator``.</doc>
<status status="PASS" start="2025-04-05T12:30:28.093599" elapsed="1.056072"/>
</kw>
<kw name="Input Text" owner="SeleniumLibrary">
<msg time="2025-04-05T12:30:29.150278" level="INFO">Typing text 'natsuxlucy02@gmail.com' into text field 'name:reg_email__'.</msg>
<arg>name:reg_email__</arg>
<arg>${VALID_EMAIL}</arg>
<doc>Types the given ``text`` into the text field identified by ``locator``.</doc>
<status status="PASS" start="2025-04-05T12:30:29.149923" elapsed="1.571771"/>
</kw>
<kw name="Input Text" owner="SeleniumLibrary">
<msg time="2025-04-05T12:30:30.722299" level="INFO">Typing text 'Abcdef!' into text field 'name:reg_passwd__'.</msg>
<arg>name:reg_passwd__</arg>
<arg>${password}</arg>
<doc>Types the given ``text`` into the text field identified by ``locator``.</doc>
<status status="PASS" start="2025-04-05T12:30:30.721935" elapsed="1.559950"/>
</kw>
<kw name="Click Button" owner="SeleniumLibrary">
<msg time="2025-04-05T12:30:32.282448" level="INFO">Clicking button 'name:websubmit'.</msg>
<arg>name:websubmit</arg>
<doc>Clicks the button identified by ``locator``.</doc>
<status status="PASS" start="2025-04-05T12:30:32.282130" elapsed="2.561253"/>
</kw>
<arg>${PASSWORD_MISSING_NUMBER}</arg>
<status status="PASS" start="2025-04-05T12:30:09.503134" elapsed="25.340434"/>
</kw>
<kw name="Then Password Error Should Be Displayed" owner="resource">
<kw name="Sleep" owner="BuiltIn">
<msg time="2025-04-05T12:30:49.847256" level="INFO">Slept 15 seconds.</msg>
<arg>15s</arg>
<doc>Pauses the test executed for the given time.</doc>
<status status="PASS" start="2025-04-05T12:30:34.846840" elapsed="15.000728"/>
</kw>
<doc>Verifies that an invalid password error is shown</doc>
<status status="PASS" start="2025-04-05T12:30:34.845186" elapsed="15.002549"/>
</kw>
<kw name="Close Browser" owner="SeleniumLibrary" type="TEARDOWN">
<doc>Closes the current browser.</doc>
<status status="PASS" start="2025-04-05T12:30:49.849725" elapsed="2.583121"/>
</kw>
<status status="PASS" start="2025-04-05T12:30:06.936714" elapsed="45.496540"/>
</test>
<status status="PASS" start="2025-04-05T12:30:06.759379" elapsed="45.675144"/>
</suite>
<status status="PASS" start="2025-04-05T12:30:06.744384" elapsed="45.691192"/>
</suite>
<statistics>
<total>
<stat pass="1" fail="0" skip="0">All Tests</stat>
</total>
<tag>
</tag>
<suite>
<stat name="Fb-Signup-Test-Automation" id="s1" pass="1" fail="0" skip="0">Fb-Signup-Test-Automation</stat>
<stat name="Signup Test" id="s1-s1" pass="1" fail="0" skip="0">Fb-Signup-Test-Automation.Signup Test</stat>
</suite>
</statistics>
<errors>
</errors>
</robot>
