<?xml version="1.0" encoding="UTF-8"?>
<robot generator="Robot 7.2.2 (Python 3.13.3 on win32)" generated="2025-05-03T11:14:50.643873" rpa="false" schemaversion="5">
<suite id="s1" name="Fb-Signup-Test-Automation" source="c:\Users\John Paolo\Desktop\Github\fb-signup-test-automation">
<suite id="s1-s1" name="Final Signup Test" source="c:\Users\John Paolo\Desktop\Github\fb-signup-test-automation\final_signup_test.robot">
<test id="s1-s1-t1" name="When signing up for a new Facebook account using a proper Philippine mobile number that includes the +63 country code" line="9">
<kw name="Given I'm on the Facebook signup page" owner="final_resource">
<kw name="Open Chrome in incognito mode" owner="final_resource">
<kw name="Evaluate" owner="BuiltIn">
<msg time="2025-05-03T11:14:50.884959" level="INFO">${options} = &lt;selenium.webdriver.chrome.options.Options object at 0x000001D2DF109E80&gt;</msg>
<var>${options}</var>
<arg>sys.modules['selenium.webdriver'].ChromeOptions()</arg>
<arg>sys, selenium.webdriver</arg>
<doc>Evaluates the given expression in Python and returns the result.</doc>
<status status="PASS" start="2025-05-03T11:14:50.884588" elapsed="0.000567"/>
</kw>
<kw name="Call Method" owner="BuiltIn">
<arg>${options}</arg>
<arg>add_argument</arg>
<arg>--incognito</arg>
<doc>Calls the named method of the given object with the provided arguments.</doc>
<status status="PASS" start="2025-05-03T11:14:50.885326" elapsed="0.000229"/>
</kw>
<kw name="Call Method" owner="BuiltIn">
<arg>${options}</arg>
<arg>add_argument</arg>
<arg>--disable-notifications</arg>
<doc>Calls the named method of the given object with the provided arguments.</doc>
<status status="PASS" start="2025-05-03T11:14:50.885681" elapsed="0.000188"/>
</kw>
<kw name="Create Webdriver" owner="SeleniumLibrary">
<msg time="2025-05-03T11:14:50.886451" level="INFO">Creating an instance of the Chrome WebDriver.</msg>
<arg>Chrome</arg>
<arg>options=${options}</arg>
<doc>Creates an instance of Selenium WebDriver.</doc>
<status status="PASS" start="2025-05-03T11:14:50.885989" elapsed="1.197431"/>
</kw>
<kw name="Maximize Browser Window" owner="SeleniumLibrary">
<doc>Maximizes current browser window.</doc>
<status status="PASS" start="2025-05-03T11:14:52.083683" elapsed="0.023434"/>
</kw>
<kw name="Set Selenium Speed" owner="SeleniumLibrary">
<arg>${DELAY}</arg>
<doc>Sets the delay that is waited after each Selenium command.</doc>
<status status="PASS" start="2025-05-03T11:14:52.107369" elapsed="0.000381"/>
</kw>
<status status="PASS" start="2025-05-03T11:14:50.884275" elapsed="1.223589"/>
</kw>
<kw name="Go to Facebook registration" owner="final_resource">
<kw name="Go To" owner="SeleniumLibrary">
<msg time="2025-05-03T11:14:52.108449" level="INFO">Opening url 'https://www.facebook.com/r.php?locale=en_US&amp;display=page'</msg>
<arg>${FACEBOOK_REGISTER_URL}</arg>
<doc>Navigates the current browser window to the provided ``url``.</doc>
<status status="PASS" start="2025-05-03T11:14:52.108273" elapsed="1.397616"/>
</kw>
<kw name="Wait Until Page Contains" owner="SeleniumLibrary">
<arg>Sign Up</arg>
<arg>timeout=20s</arg>
<doc>Waits until ``text`` appears on the current page.</doc>
<status status="PASS" start="2025-05-03T11:14:53.506219" elapsed="0.513313"/>
</kw>
<kw name="Get Title" owner="SeleniumLibrary">
<msg time="2025-05-03T11:14:54.526941" level="INFO">${actual_title} = Sign Up for Facebook</msg>
<var>${actual_title}</var>
<doc>Returns the title of the current page.</doc>
<status status="PASS" start="2025-05-03T11:14:54.019804" elapsed="0.507473"/>
</kw>
<kw name="Run Keyword If" owner="BuiltIn">
<kw name="Log" owner="BuiltIn">
<msg time="2025-05-03T11:14:54.528464" level="WARN">Title mismatch. Expected: Sign Up for Facebook | Facebook, Actual: Sign Up for Facebook</msg>
<arg>Title mismatch. Expected: ${EXPECTED_TITLE}, Actual: ${actual_title}</arg>
<arg>level=WARN</arg>
<doc>Logs the given message with the given level.</doc>
<status status="PASS" start="2025-05-03T11:14:54.528125" elapsed="0.001159"/>
</kw>
<arg>'${actual_title}' != '${EXPECTED_TITLE}'</arg>
<arg>Log</arg>
<arg>Title mismatch. Expected: ${EXPECTED_TITLE}, Actual: ${actual_title}</arg>
<arg>level=WARN</arg>
<doc>Runs the given keyword with the given arguments, if ``condition`` is true.</doc>
<status status="PASS" start="2025-05-03T11:14:54.527528" elapsed="0.001937"/>
</kw>
<status status="PASS" start="2025-05-03T11:14:52.108016" elapsed="2.421620"/>
</kw>
<kw name="Wait until page loads" owner="final_resource">
<kw name="Wait Until Element Is Visible" owner="SeleniumLibrary">
<arg>name=firstname</arg>
<arg>timeout=20s</arg>
<doc>Waits until the element ``locator`` is visible.</doc>
<status status="PASS" start="2025-05-03T11:14:54.530351" elapsed="1.024781"/>
</kw>
<status status="PASS" start="2025-05-03T11:14:54.529887" elapsed="1.025467"/>
</kw>
<status status="PASS" start="2025-05-03T11:14:50.881917" elapsed="4.673515"/>
</kw>
<kw name="And I've entered my basic information" owner="final_resource">
<kw name="Enter name &quot;John Crisistom&quot; &quot;Rosales&quot;" owner="final_resource" source_name="Enter name &quot;${firstname}&quot; &quot;${lastname}&quot;">
<kw name="Input Text" owner="SeleniumLibrary">
<msg time="2025-05-03T11:14:55.559290" level="INFO">Typing text 'John Crisistom' into text field 'name=firstname'.</msg>
<arg>name=firstname</arg>
<arg>${firstname}</arg>
<doc>Types the given ``text`` into the text field identified by ``locator``.</doc>
<status status="PASS" start="2025-05-03T11:14:55.559056" elapsed="1.583948"/>
</kw>
<kw name="Input Text" owner="SeleniumLibrary">
<msg time="2025-05-03T11:14:57.143617" level="INFO">Typing text 'Rosales' into text field 'name=lastname'.</msg>
<arg>name=lastname</arg>
<arg>${lastname}</arg>
<doc>Types the given ``text`` into the text field identified by ``locator``.</doc>
<status status="PASS" start="2025-05-03T11:14:57.143265" elapsed="1.564605"/>
</kw>
<status status="PASS" start="2025-05-03T11:14:55.558773" elapsed="3.149610"/>
</kw>
<kw name="Select birthday November 17, 1994" owner="final_resource">
<kw name="Select From List By Value" owner="SeleniumLibrary">
<msg time="2025-05-03T11:14:58.710567" level="INFO">Selecting options from selection list 'name=birthday_month' by value 11.</msg>
<arg>name=birthday_month</arg>
<arg>11</arg>
<doc>Selects options from selection list ``locator`` by ``values``.</doc>
<status status="PASS" start="2025-05-03T11:14:58.709877" elapsed="4.081473"/>
</kw>
<kw name="Select From List By Value" owner="SeleniumLibrary">
<msg time="2025-05-03T11:15:02.792004" level="INFO">Selecting options from selection list 'name=birthday_day' by value 17.</msg>
<arg>name=birthday_day</arg>
<arg>17</arg>
<doc>Selects options from selection list ``locator`` by ``values``.</doc>
<status status="PASS" start="2025-05-03T11:15:02.791649" elapsed="4.086748"/>
</kw>
<kw name="Select From List By Value" owner="SeleniumLibrary">
<msg time="2025-05-03T11:15:06.878994" level="INFO">Selecting options from selection list 'name=birthday_year' by value 1994.</msg>
<arg>name=birthday_year</arg>
<arg>1994</arg>
<doc>Selects options from selection list ``locator`` by ``values``.</doc>
<status status="PASS" start="2025-05-03T11:15:06.878669" elapsed="4.081765"/>
</kw>
<status status="PASS" start="2025-05-03T11:14:58.708901" elapsed="12.251766"/>
</kw>
<kw name="Choose male gender" owner="final_resource">
<kw name="Click Element" owner="SeleniumLibrary">
<msg time="2025-05-03T11:15:10.961431" level="INFO">Clicking element 'xpath=//input[@name='sex' and @value='2']'.</msg>
<arg>xpath=//input[@name='sex' and @value='2']</arg>
<doc>Click the element identified by ``locator``.</doc>
<status status="PASS" start="2025-05-03T11:15:10.961212" elapsed="1.056868"/>
</kw>
<status status="PASS" start="2025-05-03T11:15:10.960840" elapsed="1.057440"/>
</kw>
<kw name="Set temporary password &quot;Paolo095!&quot;" owner="final_resource" source_name="Set temporary password &quot;${password}&quot;">
<kw name="Input Password" owner="SeleniumLibrary">
<msg time="2025-05-03T11:15:12.019253" level="INFO">Typing password into text field 'name=reg_passwd__'.</msg>
<msg time="2025-05-03T11:15:13.044943" level="INFO">Temporally setting log level to: NONE</msg>
<arg>name=reg_passwd__</arg>
<arg>${password}</arg>
<doc>Types the given password into the text field identified by ``locator``.</doc>
<status status="PASS" start="2025-05-03T11:15:12.018836" elapsed="1.560534"/>
</kw>
<status status="PASS" start="2025-05-03T11:15:12.018472" elapsed="1.561073"/>
</kw>
<status status="PASS" start="2025-05-03T11:14:55.557156" elapsed="18.022471"/>
</kw>
<kw name="When I type &quot;+639162856862&quot; as my mobile number" owner="final_resource" source_name="I type &quot;${number}&quot; as my mobile number">
<kw name="Input Text" owner="SeleniumLibrary">
<msg time="2025-05-03T11:15:13.583076" level="INFO">Typing text '+639162856862' into text field 'name=reg_email__'.</msg>
<arg>name=reg_email__</arg>
<arg>${number}</arg>
<doc>Types the given ``text`` into the text field identified by ``locator``.</doc>
<status status="PASS" start="2025-05-03T11:15:13.582842" elapsed="1.564149"/>
</kw>
<kw name="Wait for loading to finish" owner="final_resource">
<kw name="Wait Until Element Is Not Visible" owner="SeleniumLibrary">
<arg>css:div[role="progressbar"]</arg>
<arg>timeout=10s</arg>
<doc>Waits until the element ``locator`` is not visible.</doc>
<status status="PASS" start="2025-05-03T11:15:15.147941" elapsed="0.509028"/>
</kw>
<status status="PASS" start="2025-05-03T11:15:15.147454" elapsed="0.509721"/>
</kw>
<status status="PASS" start="2025-05-03T11:15:13.581351" elapsed="2.075898"/>
</kw>
<kw name="And I click sign up" owner="final_resource">
<kw name="Click Button" owner="SeleniumLibrary">
<msg time="2025-05-03T11:15:15.660911" level="INFO">Clicking button 'name=websubmit'.</msg>
<arg>name=websubmit</arg>
<doc>Clicks the button identified by ``locator``.</doc>
<status status="PASS" start="2025-05-03T11:15:15.660691" elapsed="2.566504"/>
</kw>
<status status="PASS" start="2025-05-03T11:15:15.658859" elapsed="2.568557"/>
</kw>
<kw name="Then If the number is valid I should see the mobile confirmation page" owner="final_resource">
<kw name="Run Keyword And Return Status" owner="BuiltIn">
<kw name="I should see the mobile confirmation page" owner="final_resource">
<kw name="Sleep" owner="BuiltIn">
<msg time="2025-05-03T11:15:33.231015" level="INFO">Slept 15 seconds.</msg>
<arg>15s</arg>
<doc>Pauses the test executed for the given time.</doc>
<status status="PASS" start="2025-05-03T11:15:18.230762" elapsed="15.000615"/>
</kw>
<status status="PASS" start="2025-05-03T11:15:18.230550" elapsed="15.001020"/>
</kw>
<msg time="2025-05-03T11:15:33.231683" level="INFO">${status} = True</msg>
<var>${status}</var>
<arg>I should see the mobile confirmation page</arg>
<doc>Runs the given keyword with given arguments and returns the status as a Boolean value.</doc>
<status status="PASS" start="2025-05-03T11:15:18.230342" elapsed="15.001467"/>
</kw>
<return>
<value>${status}</value>
<status status="PASS" start="2025-05-03T11:15:33.231940" elapsed="0.000586"/>
</return>
<status status="PASS" start="2025-05-03T11:15:18.229352" elapsed="15.003327"/>
</kw>
<kw name="Close Browser" owner="SeleniumLibrary" type="TEARDOWN">
<doc>Closes the current browser.</doc>
<status status="PASS" start="2025-05-03T11:15:33.233998" elapsed="2.573638"/>
</kw>
<status status="PASS" start="2025-05-03T11:14:50.880383" elapsed="44.927815"/>
</test>
<test id="s1-s1-t2" name="When signing up for a new Facebook account using a standard Philippine mobile number that starts with 09 prefix" line="16">
<kw name="Given I'm on the Facebook signup page" owner="final_resource">
<kw name="Open Chrome in incognito mode" owner="final_resource">
<kw name="Evaluate" owner="BuiltIn">
<msg time="2025-05-03T11:15:35.812546" level="INFO">${options} = &lt;selenium.webdriver.chrome.options.Options object at 0x000001D2DF0225D0&gt;</msg>
<var>${options}</var>
<arg>sys.modules['selenium.webdriver'].ChromeOptions()</arg>
<arg>sys, selenium.webdriver</arg>
<doc>Evaluates the given expression in Python and returns the result.</doc>
<status status="PASS" start="2025-05-03T11:15:35.812239" elapsed="0.000538"/>
</kw>
<kw name="Call Method" owner="BuiltIn">
<arg>${options}</arg>
<arg>add_argument</arg>
<arg>--incognito</arg>
<doc>Calls the named method of the given object with the provided arguments.</doc>
<status status="PASS" start="2025-05-03T11:15:35.812956" elapsed="0.000303"/>
</kw>
<kw name="Call Method" owner="BuiltIn">
<arg>${options}</arg>
<arg>add_argument</arg>
<arg>--disable-notifications</arg>
<doc>Calls the named method of the given object with the provided arguments.</doc>
<status status="PASS" start="2025-05-03T11:15:35.813404" elapsed="0.000308"/>
</kw>
<kw name="Create Webdriver" owner="SeleniumLibrary">
<msg time="2025-05-03T11:15:35.814095" level="INFO">Creating an instance of the Chrome WebDriver.</msg>
<arg>Chrome</arg>
<arg>options=${options}</arg>
<doc>Creates an instance of Selenium WebDriver.</doc>
<status status="PASS" start="2025-05-03T11:15:35.813860" elapsed="1.172559"/>
</kw>
<kw name="Maximize Browser Window" owner="SeleniumLibrary">
<doc>Maximizes current browser window.</doc>
<status status="PASS" start="2025-05-03T11:15:36.986652" elapsed="0.024432"/>
</kw>
<kw name="Set Selenium Speed" owner="SeleniumLibrary">
<arg>${DELAY}</arg>
<doc>Sets the delay that is waited after each Selenium command.</doc>
<status status="PASS" start="2025-05-03T11:15:37.011312" elapsed="0.000348"/>
</kw>
<status status="PASS" start="2025-05-03T11:15:35.811967" elapsed="1.199791"/>
</kw>
<kw name="Go to Facebook registration" owner="final_resource">
<kw name="Go To" owner="SeleniumLibrary">
<msg time="2025-05-03T11:15:37.012348" level="INFO">Opening url 'https://www.facebook.com/r.php?locale=en_US&amp;display=page'</msg>
<arg>${FACEBOOK_REGISTER_URL}</arg>
<doc>Navigates the current browser window to the provided ``url``.</doc>
<status status="PASS" start="2025-05-03T11:15:37.012182" elapsed="1.371197"/>
</kw>
<kw name="Wait Until Page Contains" owner="SeleniumLibrary">
<arg>Sign Up</arg>
<arg>timeout=20s</arg>
<doc>Waits until ``text`` appears on the current page.</doc>
<status status="PASS" start="2025-05-03T11:15:38.383717" elapsed="0.512649"/>
</kw>
<kw name="Get Title" owner="SeleniumLibrary">
<msg time="2025-05-03T11:15:39.404476" level="INFO">${actual_title} = Sign Up for Facebook</msg>
<var>${actual_title}</var>
<doc>Returns the title of the current page.</doc>
<status status="PASS" start="2025-05-03T11:15:38.896609" elapsed="0.508198"/>
</kw>
<kw name="Run Keyword If" owner="BuiltIn">
<kw name="Log" owner="BuiltIn">
<msg time="2025-05-03T11:15:39.405969" level="WARN">Title mismatch. Expected: Sign Up for Facebook | Facebook, Actual: Sign Up for Facebook</msg>
<arg>Title mismatch. Expected: ${EXPECTED_TITLE}, Actual: ${actual_title}</arg>
<arg>level=WARN</arg>
<doc>Logs the given message with the given level.</doc>
<status status="PASS" start="2025-05-03T11:15:39.405583" elapsed="0.001122"/>
</kw>
<arg>'${actual_title}' != '${EXPECTED_TITLE}'</arg>
<arg>Log</arg>
<arg>Title mismatch. Expected: ${EXPECTED_TITLE}, Actual: ${actual_title}</arg>
<arg>level=WARN</arg>
<doc>Runs the given keyword with the given arguments, if ``condition`` is true.</doc>
<status status="PASS" start="2025-05-03T11:15:39.405047" elapsed="0.001760"/>
</kw>
<status status="PASS" start="2025-05-03T11:15:37.011903" elapsed="2.395000"/>
</kw>
<kw name="Wait until page loads" owner="final_resource">
<kw name="Wait Until Element Is Visible" owner="SeleniumLibrary">
<arg>name=firstname</arg>
<arg>timeout=20s</arg>
<doc>Waits until the element ``locator`` is visible.</doc>
<status status="PASS" start="2025-05-03T11:15:39.407613" elapsed="1.021641"/>
</kw>
<status status="PASS" start="2025-05-03T11:15:39.407074" elapsed="1.022380"/>
</kw>
<status status="PASS" start="2025-05-03T11:15:35.810126" elapsed="4.619406"/>
</kw>
<kw name="And I've entered my basic information" owner="final_resource">
<kw name="Enter name &quot;John Crisistom&quot; &quot;Rosales&quot;" owner="final_resource" source_name="Enter name &quot;${firstname}&quot; &quot;${lastname}&quot;">
<kw name="Input Text" owner="SeleniumLibrary">
<msg time="2025-05-03T11:15:40.433849" level="INFO">Typing text 'John Crisistom' into text field 'name=firstname'.</msg>
<arg>name=firstname</arg>
<arg>${firstname}</arg>
<doc>Types the given ``text`` into the text field identified by ``locator``.</doc>
<status status="PASS" start="2025-05-03T11:15:40.433609" elapsed="1.582197"/>
</kw>
<kw name="Input Text" owner="SeleniumLibrary">
<msg time="2025-05-03T11:15:42.016452" level="INFO">Typing text 'Rosales' into text field 'name=lastname'.</msg>
<arg>name=lastname</arg>
<arg>${lastname}</arg>
<doc>Types the given ``text`` into the text field identified by ``locator``.</doc>
<status status="PASS" start="2025-05-03T11:15:42.016080" elapsed="1.560932"/>
</kw>
<status status="PASS" start="2025-05-03T11:15:40.433326" elapsed="3.143952"/>
</kw>
<kw name="Select birthday November 17, 1994" owner="final_resource">
<kw name="Select From List By Value" owner="SeleniumLibrary">
<msg time="2025-05-03T11:15:43.578054" level="INFO">Selecting options from selection list 'name=birthday_month' by value 11.</msg>
<arg>name=birthday_month</arg>
<arg>11</arg>
<doc>Selects options from selection list ``locator`` by ``values``.</doc>
<status status="PASS" start="2025-05-03T11:15:43.577851" elapsed="4.079262"/>
</kw>
<kw name="Select From List By Value" owner="SeleniumLibrary">
<msg time="2025-05-03T11:15:47.657703" level="INFO">Selecting options from selection list 'name=birthday_day' by value 17.</msg>
<arg>name=birthday_day</arg>
<arg>17</arg>
<doc>Selects options from selection list ``locator`` by ``values``.</doc>
<status status="PASS" start="2025-05-03T11:15:47.657378" elapsed="4.065326"/>
</kw>
<kw name="Select From List By Value" owner="SeleniumLibrary">
<msg time="2025-05-03T11:15:51.723538" level="INFO">Selecting options from selection list 'name=birthday_year' by value 1994.</msg>
<arg>name=birthday_year</arg>
<arg>1994</arg>
<doc>Selects options from selection list ``locator`` by ``values``.</doc>
<status status="PASS" start="2025-05-03T11:15:51.722978" elapsed="4.087276"/>
</kw>
<status status="PASS" start="2025-05-03T11:15:43.577526" elapsed="12.232950"/>
</kw>
<kw name="Choose male gender" owner="final_resource">
<kw name="Click Element" owner="SeleniumLibrary">
<msg time="2025-05-03T11:15:55.811838" level="INFO">Clicking element 'xpath=//input[@name='sex' and @value='2']'.</msg>
<arg>xpath=//input[@name='sex' and @value='2']</arg>
<doc>Click the element identified by ``locator``.</doc>
<status status="PASS" start="2025-05-03T11:15:55.810988" elapsed="1.058384"/>
</kw>
<status status="PASS" start="2025-05-03T11:15:55.810644" elapsed="1.058940"/>
</kw>
<kw name="Set temporary password &quot;Paolo095!&quot;" owner="final_resource" source_name="Set temporary password &quot;${password}&quot;">
<kw name="Input Password" owner="SeleniumLibrary">
<msg time="2025-05-03T11:15:56.870372" level="INFO">Typing password into text field 'name=reg_passwd__'.</msg>
<msg time="2025-05-03T11:15:57.897141" level="INFO">Temporally setting log level to: NONE</msg>
<arg>name=reg_passwd__</arg>
<arg>${password}</arg>
<doc>Types the given password into the text field identified by ``locator``.</doc>
<status status="PASS" start="2025-05-03T11:15:56.870141" elapsed="1.561665"/>
</kw>
<status status="PASS" start="2025-05-03T11:15:56.869773" elapsed="1.562201"/>
</kw>
<status status="PASS" start="2025-05-03T11:15:40.431370" elapsed="18.000703"/>
</kw>
<kw name="When I type &quot;09162856862&quot; as my mobile number" owner="final_resource" source_name="I type &quot;${number}&quot; as my mobile number">
<kw name="Input Text" owner="SeleniumLibrary">
<msg time="2025-05-03T11:15:58.435653" level="INFO">Typing text '09162856862' into text field 'name=reg_email__'.</msg>
<arg>name=reg_email__</arg>
<arg>${number}</arg>
<doc>Types the given ``text`` into the text field identified by ``locator``.</doc>
<status status="PASS" start="2025-05-03T11:15:58.435294" elapsed="1.568714"/>
</kw>
<kw name="Wait for loading to finish" owner="final_resource">
<kw name="Wait Until Element Is Not Visible" owner="SeleniumLibrary">
<arg>css:div[role="progressbar"]</arg>
<arg>timeout=10s</arg>
<doc>Waits until the element ``locator`` is not visible.</doc>
<status status="PASS" start="2025-05-03T11:16:00.005099" elapsed="0.516315"/>
</kw>
<status status="PASS" start="2025-05-03T11:16:00.004299" elapsed="0.517309"/>
</kw>
<status status="PASS" start="2025-05-03T11:15:58.433819" elapsed="2.087867"/>
</kw>
<kw name="And I click sign up" owner="final_resource">
<kw name="Click Button" owner="SeleniumLibrary">
<msg time="2025-05-03T11:16:00.525470" level="INFO">Clicking button 'name=websubmit'.</msg>
<arg>name=websubmit</arg>
<doc>Clicks the button identified by ``locator``.</doc>
<status status="PASS" start="2025-05-03T11:16:00.525249" elapsed="2.565556"/>
</kw>
<status status="PASS" start="2025-05-03T11:16:00.523474" elapsed="2.567520"/>
</kw>
<kw name="Then If the number is valid I should see the mobile confirmation page" owner="final_resource">
<kw name="Run Keyword And Return Status" owner="BuiltIn">
<kw name="I should see the mobile confirmation page" owner="final_resource">
<kw name="Sleep" owner="BuiltIn">
<msg time="2025-05-03T11:16:18.095616" level="INFO">Slept 15 seconds.</msg>
<arg>15s</arg>
<doc>Pauses the test executed for the given time.</doc>
<status status="PASS" start="2025-05-03T11:16:03.094666" elapsed="15.001271"/>
</kw>
<status status="PASS" start="2025-05-03T11:16:03.094452" elapsed="15.001638"/>
</kw>
<msg time="2025-05-03T11:16:18.096205" level="INFO">${status} = True</msg>
<var>${status}</var>
<arg>I should see the mobile confirmation page</arg>
<doc>Runs the given keyword with given arguments and returns the status as a Boolean value.</doc>
<status status="PASS" start="2025-05-03T11:16:03.094222" elapsed="15.002123"/>
</kw>
<return>
<value>${status}</value>
<status status="PASS" start="2025-05-03T11:16:18.096454" elapsed="0.000162"/>
</return>
<status status="PASS" start="2025-05-03T11:16:03.093059" elapsed="15.003671"/>
</kw>
<kw name="Close Browser" owner="SeleniumLibrary" type="TEARDOWN">
<doc>Closes the current browser.</doc>
<status status="PASS" start="2025-05-03T11:16:18.098153" elapsed="2.553240"/>
</kw>
<status status="PASS" start="2025-05-03T11:15:35.809315" elapsed="44.842846"/>
</test>
<test id="s1-s1-t3" name="When signing up for a new Facebook account using a Philippine mobile number that contains spaces between digit groups" line="23">
<kw name="Given I'm on the Facebook signup page" owner="final_resource">
<kw name="Open Chrome in incognito mode" owner="final_resource">
<kw name="Evaluate" owner="BuiltIn">
<msg time="2025-05-03T11:16:20.659213" level="INFO">${options} = &lt;selenium.webdriver.chrome.options.Options object at 0x000001D2DF023D90&gt;</msg>
<var>${options}</var>
<arg>sys.modules['selenium.webdriver'].ChromeOptions()</arg>
<arg>sys, selenium.webdriver</arg>
<doc>Evaluates the given expression in Python and returns the result.</doc>
<status status="PASS" start="2025-05-03T11:16:20.658891" elapsed="0.000439"/>
</kw>
<kw name="Call Method" owner="BuiltIn">
<arg>${options}</arg>
<arg>add_argument</arg>
<arg>--incognito</arg>
<doc>Calls the named method of the given object with the provided arguments.</doc>
<status status="PASS" start="2025-05-03T11:16:20.659485" elapsed="0.000245"/>
</kw>
<kw name="Call Method" owner="BuiltIn">
<arg>${options}</arg>
<arg>add_argument</arg>
<arg>--disable-notifications</arg>
<doc>Calls the named method of the given object with the provided arguments.</doc>
<status status="PASS" start="2025-05-03T11:16:20.659839" elapsed="0.000163"/>
</kw>
<kw name="Create Webdriver" owner="SeleniumLibrary">
<msg time="2025-05-03T11:16:20.660409" level="INFO">Creating an instance of the Chrome WebDriver.</msg>
<arg>Chrome</arg>
<arg>options=${options}</arg>
<doc>Creates an instance of Selenium WebDriver.</doc>
<status status="PASS" start="2025-05-03T11:16:20.660105" elapsed="1.162811"/>
</kw>
<kw name="Maximize Browser Window" owner="SeleniumLibrary">
<doc>Maximizes current browser window.</doc>
<status status="PASS" start="2025-05-03T11:16:21.823215" elapsed="0.022474"/>
</kw>
<kw name="Set Selenium Speed" owner="SeleniumLibrary">
<arg>${DELAY}</arg>
<doc>Sets the delay that is waited after each Selenium command.</doc>
<status status="PASS" start="2025-05-03T11:16:21.845923" elapsed="0.000376"/>
</kw>
<status status="PASS" start="2025-05-03T11:16:20.658580" elapsed="1.187834"/>
</kw>
<kw name="Go to Facebook registration" owner="final_resource">
<kw name="Go To" owner="SeleniumLibrary">
<msg time="2025-05-03T11:16:21.847084" level="INFO">Opening url 'https://www.facebook.com/r.php?locale=en_US&amp;display=page'</msg>
<arg>${FACEBOOK_REGISTER_URL}</arg>
<doc>Navigates the current browser window to the provided ``url``.</doc>
<status status="PASS" start="2025-05-03T11:16:21.846899" elapsed="1.276624"/>
</kw>
<kw name="Wait Until Page Contains" owner="SeleniumLibrary">
<arg>Sign Up</arg>
<arg>timeout=20s</arg>
<doc>Waits until ``text`` appears on the current page.</doc>
<status status="PASS" start="2025-05-03T11:16:23.123805" elapsed="0.513435"/>
</kw>
<kw name="Get Title" owner="SeleniumLibrary">
<msg time="2025-05-03T11:16:24.145536" level="INFO">${actual_title} = Sign Up for Facebook</msg>
<var>${actual_title}</var>
<doc>Returns the title of the current page.</doc>
<status status="PASS" start="2025-05-03T11:16:23.637548" elapsed="0.508378"/>
</kw>
<kw name="Run Keyword If" owner="BuiltIn">
<kw name="Log" owner="BuiltIn">
<msg time="2025-05-03T11:16:24.147219" level="WARN">Title mismatch. Expected: Sign Up for Facebook | Facebook, Actual: Sign Up for Facebook</msg>
<arg>Title mismatch. Expected: ${EXPECTED_TITLE}, Actual: ${actual_title}</arg>
<arg>level=WARN</arg>
<doc>Logs the given message with the given level.</doc>
<status status="PASS" start="2025-05-03T11:16:24.146891" elapsed="0.001128"/>
</kw>
<arg>'${actual_title}' != '${EXPECTED_TITLE}'</arg>
<arg>Log</arg>
<arg>Title mismatch. Expected: ${EXPECTED_TITLE}, Actual: ${actual_title}</arg>
<arg>level=WARN</arg>
<doc>Runs the given keyword with the given arguments, if ``condition`` is true.</doc>
<status status="PASS" start="2025-05-03T11:16:24.146228" elapsed="0.001926"/>
</kw>
<status status="PASS" start="2025-05-03T11:16:21.846575" elapsed="2.301683"/>
</kw>
<kw name="Wait until page loads" owner="final_resource">
<kw name="Wait Until Element Is Visible" owner="SeleniumLibrary">
<arg>name=firstname</arg>
<arg>timeout=20s</arg>
<doc>Waits until the element ``locator`` is visible.</doc>
<status status="PASS" start="2025-05-03T11:16:24.148760" elapsed="1.018379"/>
</kw>
<status status="PASS" start="2025-05-03T11:16:24.148429" elapsed="1.018919"/>
</kw>
<status status="PASS" start="2025-05-03T11:16:20.656786" elapsed="4.510641"/>
</kw>
<kw name="And I've entered my basic information" owner="final_resource">
<kw name="Enter name &quot;John Crisistom&quot; &quot;Rosales&quot;" owner="final_resource" source_name="Enter name &quot;${firstname}&quot; &quot;${lastname}&quot;">
<kw name="Input Text" owner="SeleniumLibrary">
<msg time="2025-05-03T11:16:25.171260" level="INFO">Typing text 'John Crisistom' into text field 'name=firstname'.</msg>
<arg>name=firstname</arg>
<arg>${firstname}</arg>
<doc>Types the given ``text`` into the text field identified by ``locator``.</doc>
<status status="PASS" start="2025-05-03T11:16:25.171032" elapsed="1.579922"/>
</kw>
<kw name="Input Text" owner="SeleniumLibrary">
<msg time="2025-05-03T11:16:26.751545" level="INFO">Typing text 'Rosales' into text field 'name=lastname'.</msg>
<arg>name=lastname</arg>
<arg>${lastname}</arg>
<doc>Types the given ``text`` into the text field identified by ``locator``.</doc>
<status status="PASS" start="2025-05-03T11:16:26.751195" elapsed="1.566716"/>
</kw>
<status status="PASS" start="2025-05-03T11:16:25.170766" elapsed="3.147350"/>
</kw>
<kw name="Select birthday November 17, 1994" owner="final_resource">
<kw name="Select From List By Value" owner="SeleniumLibrary">
<msg time="2025-05-03T11:16:28.318873" level="INFO">Selecting options from selection list 'name=birthday_month' by value 11.</msg>
<arg>name=birthday_month</arg>
<arg>11</arg>
<doc>Selects options from selection list ``locator`` by ``values``.</doc>
<status status="PASS" start="2025-05-03T11:16:28.318665" elapsed="4.077298"/>
</kw>
<kw name="Select From List By Value" owner="SeleniumLibrary">
<msg time="2025-05-03T11:16:32.396569" level="INFO">Selecting options from selection list 'name=birthday_day' by value 17.</msg>
<arg>name=birthday_day</arg>
<arg>17</arg>
<doc>Selects options from selection list ``locator`` by ``values``.</doc>
<status status="PASS" start="2025-05-03T11:16:32.396243" elapsed="4.071973"/>
</kw>
<kw name="Select From List By Value" owner="SeleniumLibrary">
<msg time="2025-05-03T11:16:36.469663" level="INFO">Selecting options from selection list 'name=birthday_year' by value 1994.</msg>
<arg>name=birthday_year</arg>
<arg>1994</arg>
<doc>Selects options from selection list ``locator`` by ``values``.</doc>
<status status="PASS" start="2025-05-03T11:16:36.468900" elapsed="4.073664"/>
</kw>
<status status="PASS" start="2025-05-03T11:16:28.318312" elapsed="12.224462"/>
</kw>
<kw name="Choose male gender" owner="final_resource">
<kw name="Click Element" owner="SeleniumLibrary">
<msg time="2025-05-03T11:16:40.543483" level="INFO">Clicking element 'xpath=//input[@name='sex' and @value='2']'.</msg>
<arg>xpath=//input[@name='sex' and @value='2']</arg>
<doc>Click the element identified by ``locator``.</doc>
<status status="PASS" start="2025-05-03T11:16:40.543276" elapsed="1.057080"/>
</kw>
<status status="PASS" start="2025-05-03T11:16:40.542933" elapsed="1.057711"/>
</kw>
<kw name="Set temporary password &quot;Paolo095!&quot;" owner="final_resource" source_name="Set temporary password &quot;${password}&quot;">
<kw name="Input Password" owner="SeleniumLibrary">
<msg time="2025-05-03T11:16:41.601464" level="INFO">Typing password into text field 'name=reg_passwd__'.</msg>
<msg time="2025-05-03T11:16:42.629469" level="INFO">Temporally setting log level to: NONE</msg>
<arg>name=reg_passwd__</arg>
<arg>${password}</arg>
<doc>Types the given password into the text field identified by ``locator``.</doc>
<status status="PASS" start="2025-05-03T11:16:41.601195" elapsed="1.563330"/>
</kw>
<status status="PASS" start="2025-05-03T11:16:41.600818" elapsed="1.563965"/>
</kw>
<status status="PASS" start="2025-05-03T11:16:25.169083" elapsed="17.995794"/>
</kw>
<kw name="When I type &quot;+63 916 285 6862&quot; as my mobile number" owner="final_resource" source_name="I type &quot;${number}&quot; as my mobile number">
<kw name="Input Text" owner="SeleniumLibrary">
<msg time="2025-05-03T11:16:43.168391" level="INFO">Typing text '+63 916 285 6862' into text field 'name=reg_email__'.</msg>
<arg>name=reg_email__</arg>
<arg>${number}</arg>
<doc>Types the given ``text`` into the text field identified by ``locator``.</doc>
<status status="PASS" start="2025-05-03T11:16:43.168131" elapsed="1.567779"/>
</kw>
<kw name="Wait for loading to finish" owner="final_resource">
<kw name="Wait Until Element Is Not Visible" owner="SeleniumLibrary">
<arg>css:div[role="progressbar"]</arg>
<arg>timeout=10s</arg>
<doc>Waits until the element ``locator`` is not visible.</doc>
<status status="PASS" start="2025-05-03T11:16:44.736556" elapsed="0.508283"/>
</kw>
<status status="PASS" start="2025-05-03T11:16:44.736188" elapsed="0.508860"/>
</kw>
<status status="PASS" start="2025-05-03T11:16:43.166649" elapsed="2.078478"/>
</kw>
<kw name="And I click sign up" owner="final_resource">
<kw name="Click Button" owner="SeleniumLibrary">
<msg time="2025-05-03T11:16:45.249082" level="INFO">Clicking button 'name=websubmit'.</msg>
<arg>name=websubmit</arg>
<doc>Clicks the button identified by ``locator``.</doc>
<status status="PASS" start="2025-05-03T11:16:45.248773" elapsed="2.564638"/>
</kw>
<status status="PASS" start="2025-05-03T11:16:45.246806" elapsed="2.567831"/>
</kw>
<kw name="Then If the number is valid I should see the mobile confirmation page" owner="final_resource">
<kw name="Run Keyword And Return Status" owner="BuiltIn">
<kw name="I should see the mobile confirmation page" owner="final_resource">
<kw name="Sleep" owner="BuiltIn">
<msg time="2025-05-03T11:17:02.826010" level="INFO">Slept 15 seconds.</msg>
<arg>15s</arg>
<doc>Pauses the test executed for the given time.</doc>
<status status="PASS" start="2025-05-03T11:16:47.825402" elapsed="15.000916"/>
</kw>
<status status="PASS" start="2025-05-03T11:16:47.824877" elapsed="15.001608"/>
</kw>
<msg time="2025-05-03T11:17:02.826613" level="INFO">${status} = True</msg>
<var>${status}</var>
<arg>I should see the mobile confirmation page</arg>
<doc>Runs the given keyword with given arguments and returns the status as a Boolean value.</doc>
<status status="PASS" start="2025-05-03T11:16:47.824375" elapsed="15.002362"/>
</kw>
<return>
<value>${status}</value>
<status status="PASS" start="2025-05-03T11:17:02.826846" elapsed="0.000174"/>
</return>
<status status="PASS" start="2025-05-03T11:16:47.821936" elapsed="15.005207"/>
</kw>
<kw name="Close Browser" owner="SeleniumLibrary" type="TEARDOWN">
<doc>Closes the current browser.</doc>
<status status="PASS" start="2025-05-03T11:17:02.828378" elapsed="2.557539"/>
</kw>
<status status="PASS" start="2025-05-03T11:16:20.654893" elapsed="44.731804"/>
</test>
<test id="s1-s1-t4" name="When signing up for a new Facebook account using a Philippine mobile number formatted with dashes between digit groups" line="30">
<kw name="Given I'm on the Facebook signup page" owner="final_resource">
<kw name="Open Chrome in incognito mode" owner="final_resource">
<kw name="Evaluate" owner="BuiltIn">
<msg time="2025-05-03T11:17:05.393755" level="INFO">${options} = &lt;selenium.webdriver.chrome.options.Options object at 0x000001D2DF104E90&gt;</msg>
<var>${options}</var>
<arg>sys.modules['selenium.webdriver'].ChromeOptions()</arg>
<arg>sys, selenium.webdriver</arg>
<doc>Evaluates the given expression in Python and returns the result.</doc>
<status status="PASS" start="2025-05-03T11:17:05.393348" elapsed="0.000589"/>
</kw>
<kw name="Call Method" owner="BuiltIn">
<arg>${options}</arg>
<arg>add_argument</arg>
<arg>--incognito</arg>
<doc>Calls the named method of the given object with the provided arguments.</doc>
<status status="PASS" start="2025-05-03T11:17:05.394145" elapsed="0.000280"/>
</kw>
<kw name="Call Method" owner="BuiltIn">
<arg>${options}</arg>
<arg>add_argument</arg>
<arg>--disable-notifications</arg>
<doc>Calls the named method of the given object with the provided arguments.</doc>
<status status="PASS" start="2025-05-03T11:17:05.394568" elapsed="0.000519"/>
</kw>
<kw name="Create Webdriver" owner="SeleniumLibrary">
<msg time="2025-05-03T11:17:05.395429" level="INFO">Creating an instance of the Chrome WebDriver.</msg>
<arg>Chrome</arg>
<arg>options=${options}</arg>
<doc>Creates an instance of Selenium WebDriver.</doc>
<status status="PASS" start="2025-05-03T11:17:05.395212" elapsed="1.153288"/>
</kw>
<kw name="Maximize Browser Window" owner="SeleniumLibrary">
<doc>Maximizes current browser window.</doc>
<status status="PASS" start="2025-05-03T11:17:06.548745" elapsed="0.024000"/>
</kw>
<kw name="Set Selenium Speed" owner="SeleniumLibrary">
<arg>${DELAY}</arg>
<doc>Sets the delay that is waited after each Selenium command.</doc>
<status status="PASS" start="2025-05-03T11:17:06.572982" elapsed="0.000384"/>
</kw>
<status status="PASS" start="2025-05-03T11:17:05.393106" elapsed="1.180372"/>
</kw>
<kw name="Go to Facebook registration" owner="final_resource">
<kw name="Go To" owner="SeleniumLibrary">
<msg time="2025-05-03T11:17:06.574070" level="INFO">Opening url 'https://www.facebook.com/r.php?locale=en_US&amp;display=page'</msg>
<arg>${FACEBOOK_REGISTER_URL}</arg>
<doc>Navigates the current browser window to the provided ``url``.</doc>
<status status="PASS" start="2025-05-03T11:17:06.573895" elapsed="1.431093"/>
</kw>
<kw name="Wait Until Page Contains" owner="SeleniumLibrary">
<arg>Sign Up</arg>
<arg>timeout=20s</arg>
<doc>Waits until ``text`` appears on the current page.</doc>
<status status="PASS" start="2025-05-03T11:17:08.005264" elapsed="0.522169"/>
</kw>
<kw name="Get Title" owner="SeleniumLibrary">
<msg time="2025-05-03T11:17:09.035739" level="INFO">${actual_title} = Sign Up for Facebook</msg>
<var>${actual_title}</var>
<doc>Returns the title of the current page.</doc>
<status status="PASS" start="2025-05-03T11:17:08.527695" elapsed="0.508399"/>
</kw>
<kw name="Run Keyword If" owner="BuiltIn">
<kw name="Log" owner="BuiltIn">
<msg time="2025-05-03T11:17:09.037154" level="WARN">Title mismatch. Expected: Sign Up for Facebook | Facebook, Actual: Sign Up for Facebook</msg>
<arg>Title mismatch. Expected: ${EXPECTED_TITLE}, Actual: ${actual_title}</arg>
<arg>level=WARN</arg>
<doc>Logs the given message with the given level.</doc>
<status status="PASS" start="2025-05-03T11:17:09.036790" elapsed="0.001507"/>
</kw>
<arg>'${actual_title}' != '${EXPECTED_TITLE}'</arg>
<arg>Log</arg>
<arg>Title mismatch. Expected: ${EXPECTED_TITLE}, Actual: ${actual_title}</arg>
<arg>level=WARN</arg>
<doc>Runs the given keyword with the given arguments, if ``condition`` is true.</doc>
<status status="PASS" start="2025-05-03T11:17:09.036330" elapsed="0.002077"/>
</kw>
<status status="PASS" start="2025-05-03T11:17:06.573624" elapsed="2.464888"/>
</kw>
<kw name="Wait until page loads" owner="final_resource">
<kw name="Wait Until Element Is Visible" owner="SeleniumLibrary">
<arg>name=firstname</arg>
<arg>timeout=20s</arg>
<doc>Waits until the element ``locator`` is visible.</doc>
<status status="PASS" start="2025-05-03T11:17:09.038948" elapsed="1.017712"/>
</kw>
<status status="PASS" start="2025-05-03T11:17:09.038647" elapsed="1.018224"/>
</kw>
<status status="PASS" start="2025-05-03T11:17:05.390940" elapsed="4.666006"/>
</kw>
<kw name="And I've entered my basic information" owner="final_resource">
<kw name="Enter name &quot;John Crisistom&quot; &quot;Rosales&quot;" owner="final_resource" source_name="Enter name &quot;${firstname}&quot; &quot;${lastname}&quot;">
<kw name="Input Text" owner="SeleniumLibrary">
<msg time="2025-05-03T11:17:10.061077" level="INFO">Typing text 'John Crisistom' into text field 'name=firstname'.</msg>
<arg>name=firstname</arg>
<arg>${firstname}</arg>
<doc>Types the given ``text`` into the text field identified by ``locator``.</doc>
<status status="PASS" start="2025-05-03T11:17:10.060849" elapsed="1.587013"/>
</kw>
<kw name="Input Text" owner="SeleniumLibrary">
<msg time="2025-05-03T11:17:11.648719" level="INFO">Typing text 'Rosales' into text field 'name=lastname'.</msg>
<arg>name=lastname</arg>
<arg>${lastname}</arg>
<doc>Types the given ``text`` into the text field identified by ``locator``.</doc>
<status status="PASS" start="2025-05-03T11:17:11.648282" elapsed="1.577506"/>
</kw>
<status status="PASS" start="2025-05-03T11:17:10.060450" elapsed="3.165544"/>
</kw>
<kw name="Select birthday November 17, 1994" owner="final_resource">
<kw name="Select From List By Value" owner="SeleniumLibrary">
<msg time="2025-05-03T11:17:13.226756" level="INFO">Selecting options from selection list 'name=birthday_month' by value 11.</msg>
<arg>name=birthday_month</arg>
<arg>11</arg>
<doc>Selects options from selection list ``locator`` by ``values``.</doc>
<status status="PASS" start="2025-05-03T11:17:13.226534" elapsed="4.080920"/>
</kw>
<kw name="Select From List By Value" owner="SeleniumLibrary">
<msg time="2025-05-03T11:17:17.308095" level="INFO">Selecting options from selection list 'name=birthday_day' by value 17.</msg>
<arg>name=birthday_day</arg>
<arg>17</arg>
<doc>Selects options from selection list ``locator`` by ``values``.</doc>
<status status="PASS" start="2025-05-03T11:17:17.307732" elapsed="4.071646"/>
</kw>
<kw name="Select From List By Value" owner="SeleniumLibrary">
<msg time="2025-05-03T11:17:21.380012" level="INFO">Selecting options from selection list 'name=birthday_year' by value 1994.</msg>
<arg>name=birthday_year</arg>
<arg>1994</arg>
<doc>Selects options from selection list ``locator`` by ``values``.</doc>
<status status="PASS" start="2025-05-03T11:17:21.379708" elapsed="4.075196"/>
</kw>
<status status="PASS" start="2025-05-03T11:17:13.226176" elapsed="12.228942"/>
</kw>
<kw name="Choose male gender" owner="final_resource">
<kw name="Click Element" owner="SeleniumLibrary">
<msg time="2025-05-03T11:17:25.455818" level="INFO">Clicking element 'xpath=//input[@name='sex' and @value='2']'.</msg>
<arg>xpath=//input[@name='sex' and @value='2']</arg>
<doc>Click the element identified by ``locator``.</doc>
<status status="PASS" start="2025-05-03T11:17:25.455613" elapsed="1.061229"/>
</kw>
<status status="PASS" start="2025-05-03T11:17:25.455279" elapsed="1.061772"/>
</kw>
<kw name="Set temporary password &quot;Paolo095!&quot;" owner="final_resource" source_name="Set temporary password &quot;${password}&quot;">
<kw name="Input Password" owner="SeleniumLibrary">
<msg time="2025-05-03T11:17:26.517829" level="INFO">Typing password into text field 'name=reg_passwd__'.</msg>
<msg time="2025-05-03T11:17:27.544960" level="INFO">Temporally setting log level to: NONE</msg>
<arg>name=reg_passwd__</arg>
<arg>${password}</arg>
<doc>Types the given password into the text field identified by ``locator``.</doc>
<status status="PASS" start="2025-05-03T11:17:26.517595" elapsed="1.561187"/>
</kw>
<status status="PASS" start="2025-05-03T11:17:26.517228" elapsed="1.561732"/>
</kw>
<status status="PASS" start="2025-05-03T11:17:10.058671" elapsed="18.020373"/>
</kw>
<kw name="When I type &quot;+63-916-285-6862&quot; as my mobile number" owner="final_resource" source_name="I type &quot;${number}&quot; as my mobile number">
<kw name="Input Text" owner="SeleniumLibrary">
<msg time="2025-05-03T11:17:28.082547" level="INFO">Typing text '+63-916-285-6862' into text field 'name=reg_email__'.</msg>
<arg>name=reg_email__</arg>
<arg>${number}</arg>
<doc>Types the given ``text`` into the text field identified by ``locator``.</doc>
<status status="PASS" start="2025-05-03T11:17:28.082234" elapsed="1.565996"/>
</kw>
<kw name="Wait for loading to finish" owner="final_resource">
<kw name="Wait Until Element Is Not Visible" owner="SeleniumLibrary">
<arg>css:div[role="progressbar"]</arg>
<arg>timeout=10s</arg>
<doc>Waits until the element ``locator`` is not visible.</doc>
<status status="PASS" start="2025-05-03T11:17:29.648905" elapsed="0.509421"/>
</kw>
<status status="PASS" start="2025-05-03T11:17:29.648531" elapsed="0.509995"/>
</kw>
<status status="PASS" start="2025-05-03T11:17:28.080790" elapsed="2.077812"/>
</kw>
<kw name="And I click sign up" owner="final_resource">
<kw name="Click Button" owner="SeleniumLibrary">
<msg time="2025-05-03T11:17:30.162205" level="INFO">Clicking button 'name=websubmit'.</msg>
<arg>name=websubmit</arg>
<doc>Clicks the button identified by ``locator``.</doc>
<status status="PASS" start="2025-05-03T11:17:30.161980" elapsed="2.577956"/>
</kw>
<status status="PASS" start="2025-05-03T11:17:30.160134" elapsed="2.580052"/>
</kw>
<kw name="Then If the number is valid I should see the mobile confirmation page" owner="final_resource">
<kw name="Run Keyword And Return Status" owner="BuiltIn">
<kw name="I should see the mobile confirmation page" owner="final_resource">
<kw name="Sleep" owner="BuiltIn">
<msg time="2025-05-03T11:17:47.744098" level="INFO">Slept 15 seconds.</msg>
<arg>15s</arg>
<doc>Pauses the test executed for the given time.</doc>
<status status="PASS" start="2025-05-03T11:17:32.743739" elapsed="15.001160"/>
</kw>
<status status="PASS" start="2025-05-03T11:17:32.743543" elapsed="15.001527"/>
</kw>
<msg time="2025-05-03T11:17:47.745185" level="INFO">${status} = True</msg>
<var>${status}</var>
<arg>I should see the mobile confirmation page</arg>
<doc>Runs the given keyword with given arguments and returns the status as a Boolean value.</doc>
<status status="PASS" start="2025-05-03T11:17:32.743326" elapsed="15.001977"/>
</kw>
<return>
<value>${status}</value>
<status status="PASS" start="2025-05-03T11:17:47.745411" elapsed="0.000165"/>
</return>
<status status="PASS" start="2025-05-03T11:17:32.742274" elapsed="15.003417"/>
</kw>
<kw name="Close Browser" owner="SeleniumLibrary" type="TEARDOWN">
<doc>Closes the current browser.</doc>
<status status="PASS" start="2025-05-03T11:17:47.746926" elapsed="2.560080"/>
</kw>
<status status="PASS" start="2025-05-03T11:17:05.389013" elapsed="44.918454"/>
</test>
<test id="s1-s1-t5" name="When signing up for a new Facebook account using a 10-digit Philippine mobile number without any country code" line="37">
<kw name="Given I'm on the Facebook signup page" owner="final_resource">
<kw name="Open Chrome in incognito mode" owner="final_resource">
<kw name="Evaluate" owner="BuiltIn">
<msg time="2025-05-03T11:17:50.311808" level="INFO">${options} = &lt;selenium.webdriver.chrome.options.Options object at 0x000001D2DF1062C0&gt;</msg>
<var>${options}</var>
<arg>sys.modules['selenium.webdriver'].ChromeOptions()</arg>
<arg>sys, selenium.webdriver</arg>
<doc>Evaluates the given expression in Python and returns the result.</doc>
<status status="PASS" start="2025-05-03T11:17:50.311509" elapsed="0.000426"/>
</kw>
<kw name="Call Method" owner="BuiltIn">
<arg>${options}</arg>
<arg>add_argument</arg>
<arg>--incognito</arg>
<doc>Calls the named method of the given object with the provided arguments.</doc>
<status status="PASS" start="2025-05-03T11:17:50.312114" elapsed="0.000336"/>
</kw>
<kw name="Call Method" owner="BuiltIn">
<arg>${options}</arg>
<arg>add_argument</arg>
<arg>--disable-notifications</arg>
<doc>Calls the named method of the given object with the provided arguments.</doc>
<status status="PASS" start="2025-05-03T11:17:50.312588" elapsed="0.000186"/>
</kw>
<kw name="Create Webdriver" owner="SeleniumLibrary">
<msg time="2025-05-03T11:17:50.313109" level="INFO">Creating an instance of the Chrome WebDriver.</msg>
<arg>Chrome</arg>
<arg>options=${options}</arg>
<doc>Creates an instance of Selenium WebDriver.</doc>
<status status="PASS" start="2025-05-03T11:17:50.312884" elapsed="1.162117"/>
</kw>
<kw name="Maximize Browser Window" owner="SeleniumLibrary">
<doc>Maximizes current browser window.</doc>
<status status="PASS" start="2025-05-03T11:17:51.475231" elapsed="0.022099"/>
</kw>
<kw name="Set Selenium Speed" owner="SeleniumLibrary">
<arg>${DELAY}</arg>
<doc>Sets the delay that is waited after each Selenium command.</doc>
<status status="PASS" start="2025-05-03T11:17:51.497561" elapsed="0.000368"/>
</kw>
<status status="PASS" start="2025-05-03T11:17:50.311279" elapsed="1.186762"/>
</kw>
<kw name="Go to Facebook registration" owner="final_resource">
<kw name="Go To" owner="SeleniumLibrary">
<msg time="2025-05-03T11:17:51.498619" level="INFO">Opening url 'https://www.facebook.com/r.php?locale=en_US&amp;display=page'</msg>
<arg>${FACEBOOK_REGISTER_URL}</arg>
<doc>Navigates the current browser window to the provided ``url``.</doc>
<status status="PASS" start="2025-05-03T11:17:51.498457" elapsed="1.349390"/>
</kw>
<kw name="Wait Until Page Contains" owner="SeleniumLibrary">
<arg>Sign Up</arg>
<arg>timeout=20s</arg>
<doc>Waits until ``text`` appears on the current page.</doc>
<status status="PASS" start="2025-05-03T11:17:52.848141" elapsed="0.512851"/>
</kw>
<kw name="Get Title" owner="SeleniumLibrary">
<msg time="2025-05-03T11:17:53.868462" level="INFO">${actual_title} = Sign Up for Facebook</msg>
<var>${actual_title}</var>
<doc>Returns the title of the current page.</doc>
<status status="PASS" start="2025-05-03T11:17:53.361257" elapsed="0.507467"/>
</kw>
<kw name="Run Keyword If" owner="BuiltIn">
<kw name="Log" owner="BuiltIn">
<msg time="2025-05-03T11:17:53.869847" level="WARN">Title mismatch. Expected: Sign Up for Facebook | Facebook, Actual: Sign Up for Facebook</msg>
<arg>Title mismatch. Expected: ${EXPECTED_TITLE}, Actual: ${actual_title}</arg>
<arg>level=WARN</arg>
<doc>Logs the given message with the given level.</doc>
<status status="PASS" start="2025-05-03T11:17:53.869483" elapsed="0.001283"/>
</kw>
<arg>'${actual_title}' != '${EXPECTED_TITLE}'</arg>
<arg>Log</arg>
<arg>Title mismatch. Expected: ${EXPECTED_TITLE}, Actual: ${actual_title}</arg>
<arg>level=WARN</arg>
<doc>Runs the given keyword with the given arguments, if ``condition`` is true.</doc>
<status status="PASS" start="2025-05-03T11:17:53.868969" elapsed="0.001929"/>
</kw>
<status status="PASS" start="2025-05-03T11:17:51.498188" elapsed="2.372808"/>
</kw>
<kw name="Wait until page loads" owner="final_resource">
<kw name="Wait Until Element Is Visible" owner="SeleniumLibrary">
<arg>name=firstname</arg>
<arg>timeout=20s</arg>
<doc>Waits until the element ``locator`` is visible.</doc>
<status status="PASS" start="2025-05-03T11:17:53.871586" elapsed="1.023822"/>
</kw>
<status status="PASS" start="2025-05-03T11:17:53.871152" elapsed="1.024731"/>
</kw>
<status status="PASS" start="2025-05-03T11:17:50.309707" elapsed="4.586409"/>
</kw>
<kw name="And I've entered my basic information" owner="final_resource">
<kw name="Enter name &quot;John Crisistom&quot; &quot;Rosales&quot;" owner="final_resource" source_name="Enter name &quot;${firstname}&quot; &quot;${lastname}&quot;">
<kw name="Input Text" owner="SeleniumLibrary">
<msg time="2025-05-03T11:17:54.908002" level="INFO">Typing text 'John Crisistom' into text field 'name=firstname'.</msg>
<arg>name=firstname</arg>
<arg>${firstname}</arg>
<doc>Types the given ``text`` into the text field identified by ``locator``.</doc>
<status status="PASS" start="2025-05-03T11:17:54.907273" elapsed="1.585399"/>
</kw>
<kw name="Input Text" owner="SeleniumLibrary">
<msg time="2025-05-03T11:17:56.493258" level="INFO">Typing text 'Rosales' into text field 'name=lastname'.</msg>
<arg>name=lastname</arg>
<arg>${lastname}</arg>
<doc>Types the given ``text`` into the text field identified by ``locator``.</doc>
<status status="PASS" start="2025-05-03T11:17:56.492911" elapsed="1.563775"/>
</kw>
<status status="PASS" start="2025-05-03T11:17:54.906356" elapsed="3.150560"/>
</kw>
<kw name="Select birthday November 17, 1994" owner="final_resource">
<kw name="Select From List By Value" owner="SeleniumLibrary">
<msg time="2025-05-03T11:17:58.057785" level="INFO">Selecting options from selection list 'name=birthday_month' by value 11.</msg>
<arg>name=birthday_month</arg>
<arg>11</arg>
<doc>Selects options from selection list ``locator`` by ``values``.</doc>
<status status="PASS" start="2025-05-03T11:17:58.057456" elapsed="4.088719"/>
</kw>
<kw name="Select From List By Value" owner="SeleniumLibrary">
<msg time="2025-05-03T11:18:02.146967" level="INFO">Selecting options from selection list 'name=birthday_day' by value 17.</msg>
<arg>name=birthday_day</arg>
<arg>17</arg>
<doc>Selects options from selection list ``locator`` by ``values``.</doc>
<status status="PASS" start="2025-05-03T11:18:02.146582" elapsed="4.075214"/>
</kw>
<kw name="Select From List By Value" owner="SeleniumLibrary">
<msg time="2025-05-03T11:18:06.222482" level="INFO">Selecting options from selection list 'name=birthday_year' by value 1994.</msg>
<arg>name=birthday_year</arg>
<arg>1994</arg>
<doc>Selects options from selection list ``locator`` by ``values``.</doc>
<status status="PASS" start="2025-05-03T11:18:06.222063" elapsed="4.066750"/>
</kw>
<status status="PASS" start="2025-05-03T11:17:58.057112" elapsed="12.231922"/>
</kw>
<kw name="Choose male gender" owner="final_resource">
<kw name="Click Element" owner="SeleniumLibrary">
<msg time="2025-05-03T11:18:10.290011" level="INFO">Clicking element 'xpath=//input[@name='sex' and @value='2']'.</msg>
<arg>xpath=//input[@name='sex' and @value='2']</arg>
<doc>Click the element identified by ``locator``.</doc>
<status status="PASS" start="2025-05-03T11:18:10.289786" elapsed="1.057161"/>
</kw>
<status status="PASS" start="2025-05-03T11:18:10.289228" elapsed="1.058226"/>
</kw>
<kw name="Set temporary password &quot;Paolo095!&quot;" owner="final_resource" source_name="Set temporary password &quot;${password}&quot;">
<kw name="Input Password" owner="SeleniumLibrary">
<msg time="2025-05-03T11:18:11.349754" level="INFO">Typing password into text field 'name=reg_passwd__'.</msg>
<msg time="2025-05-03T11:18:12.380875" level="INFO">Temporally setting log level to: NONE</msg>
<arg>name=reg_passwd__</arg>
<arg>${password}</arg>
<doc>Types the given password into the text field identified by ``locator``.</doc>
<status status="PASS" start="2025-05-03T11:18:11.349012" elapsed="1.568101"/>
</kw>
<status status="PASS" start="2025-05-03T11:18:11.347942" elapsed="1.569349"/>
</kw>
<status status="PASS" start="2025-05-03T11:17:54.901250" elapsed="18.016127"/>
</kw>
<kw name="When I type &quot;9162856862&quot; as my mobile number" owner="final_resource" source_name="I type &quot;${number}&quot; as my mobile number">
<kw name="Input Text" owner="SeleniumLibrary">
<msg time="2025-05-03T11:18:12.921096" level="INFO">Typing text '9162856862' into text field 'name=reg_email__'.</msg>
<arg>name=reg_email__</arg>
<arg>${number}</arg>
<doc>Types the given ``text`` into the text field identified by ``locator``.</doc>
<status status="PASS" start="2025-05-03T11:18:12.920859" elapsed="1.564569"/>
</kw>
<kw name="Wait for loading to finish" owner="final_resource">
<kw name="Wait Until Element Is Not Visible" owner="SeleniumLibrary">
<arg>css:div[role="progressbar"]</arg>
<arg>timeout=10s</arg>
<doc>Waits until the element ``locator`` is not visible.</doc>
<status status="PASS" start="2025-05-03T11:18:14.486076" elapsed="0.508620"/>
</kw>
<status status="PASS" start="2025-05-03T11:18:14.485717" elapsed="0.509174"/>
</kw>
<status status="PASS" start="2025-05-03T11:18:12.919076" elapsed="2.075887"/>
</kw>
<kw name="And I click sign up" owner="final_resource">
<kw name="Click Button" owner="SeleniumLibrary">
<msg time="2025-05-03T11:18:14.998966" level="INFO">Clicking button 'name=websubmit'.</msg>
<arg>name=websubmit</arg>
<doc>Clicks the button identified by ``locator``.</doc>
<status status="PASS" start="2025-05-03T11:18:14.998669" elapsed="2.564788"/>
</kw>
<status status="PASS" start="2025-05-03T11:18:14.996643" elapsed="2.567016"/>
</kw>
<kw name="Then If the number is valid I should see the mobile confirmation page" owner="final_resource">
<kw name="Run Keyword And Return Status" owner="BuiltIn">
<kw name="I should see the mobile confirmation page" owner="final_resource">
<kw name="Sleep" owner="BuiltIn">
<msg time="2025-05-03T11:18:32.568089" level="INFO">Slept 15 seconds.</msg>
<arg>15s</arg>
<doc>Pauses the test executed for the given time.</doc>
<status status="PASS" start="2025-05-03T11:18:17.567300" elapsed="15.001108"/>
</kw>
<status status="PASS" start="2025-05-03T11:18:17.567090" elapsed="15.001467"/>
</kw>
<msg time="2025-05-03T11:18:32.568664" level="INFO">${status} = True</msg>
<var>${status}</var>
<arg>I should see the mobile confirmation page</arg>
<doc>Runs the given keyword with given arguments and returns the status as a Boolean value.</doc>
<status status="PASS" start="2025-05-03T11:18:17.566873" elapsed="15.001897"/>
</kw>
<return>
<value>${status}</value>
<status status="PASS" start="2025-05-03T11:18:32.568868" elapsed="0.000350"/>
</return>
<status status="PASS" start="2025-05-03T11:18:17.565677" elapsed="15.003693"/>
</kw>
<kw name="Close Browser" owner="SeleniumLibrary" type="TEARDOWN">
<doc>Closes the current browser.</doc>
<status status="PASS" start="2025-05-03T11:18:32.571239" elapsed="2.560529"/>
</kw>
<status status="PASS" start="2025-05-03T11:17:50.308985" elapsed="44.823153"/>
</test>
<test id="s1-s1-t6" name="When signing up for a new Facebook account while only providing the first 4 digits of a Philippine mobile number" line="44">
<kw name="Given I'm on the Facebook signup page" owner="final_resource">
<kw name="Open Chrome in incognito mode" owner="final_resource">
<kw name="Evaluate" owner="BuiltIn">
<msg time="2025-05-03T11:18:35.136440" level="INFO">${options} = &lt;selenium.webdriver.chrome.options.Options object at 0x000001D2DF056F90&gt;</msg>
<var>${options}</var>
<arg>sys.modules['selenium.webdriver'].ChromeOptions()</arg>
<arg>sys, selenium.webdriver</arg>
<doc>Evaluates the given expression in Python and returns the result.</doc>
<status status="PASS" start="2025-05-03T11:18:35.136113" elapsed="0.000464"/>
</kw>
<kw name="Call Method" owner="BuiltIn">
<arg>${options}</arg>
<arg>add_argument</arg>
<arg>--incognito</arg>
<doc>Calls the named method of the given object with the provided arguments.</doc>
<status status="PASS" start="2025-05-03T11:18:35.136732" elapsed="0.000204"/>
</kw>
<kw name="Call Method" owner="BuiltIn">
<arg>${options}</arg>
<arg>add_argument</arg>
<arg>--disable-notifications</arg>
<doc>Calls the named method of the given object with the provided arguments.</doc>
<status status="PASS" start="2025-05-03T11:18:35.137056" elapsed="0.000224"/>
</kw>
<kw name="Create Webdriver" owner="SeleniumLibrary">
<msg time="2025-05-03T11:18:35.137660" level="INFO">Creating an instance of the Chrome WebDriver.</msg>
<arg>Chrome</arg>
<arg>options=${options}</arg>
<doc>Creates an instance of Selenium WebDriver.</doc>
<status status="PASS" start="2025-05-03T11:18:35.137430" elapsed="1.150588"/>
</kw>
<kw name="Maximize Browser Window" owner="SeleniumLibrary">
<doc>Maximizes current browser window.</doc>
<status status="PASS" start="2025-05-03T11:18:36.288246" elapsed="0.039169"/>
</kw>
<kw name="Set Selenium Speed" owner="SeleniumLibrary">
<arg>${DELAY}</arg>
<doc>Sets the delay that is waited after each Selenium command.</doc>
<status status="PASS" start="2025-05-03T11:18:36.327724" elapsed="0.000400"/>
</kw>
<status status="PASS" start="2025-05-03T11:18:35.135747" elapsed="1.192509"/>
</kw>
<kw name="Go to Facebook registration" owner="final_resource">
<kw name="Go To" owner="SeleniumLibrary">
<msg time="2025-05-03T11:18:36.328885" level="INFO">Opening url 'https://www.facebook.com/r.php?locale=en_US&amp;display=page'</msg>
<arg>${FACEBOOK_REGISTER_URL}</arg>
<doc>Navigates the current browser window to the provided ``url``.</doc>
<status status="PASS" start="2025-05-03T11:18:36.328707" elapsed="1.359163"/>
</kw>
<kw name="Wait Until Page Contains" owner="SeleniumLibrary">
<arg>Sign Up</arg>
<arg>timeout=20s</arg>
<doc>Waits until ``text`` appears on the current page.</doc>
<status status="PASS" start="2025-05-03T11:18:37.688156" elapsed="0.514290"/>
</kw>
<kw name="Get Title" owner="SeleniumLibrary">
<msg time="2025-05-03T11:18:38.710796" level="INFO">${actual_title} = Sign Up for Facebook</msg>
<var>${actual_title}</var>
<doc>Returns the title of the current page.</doc>
<status status="PASS" start="2025-05-03T11:18:38.202860" elapsed="0.508271"/>
</kw>
<kw name="Run Keyword If" owner="BuiltIn">
<kw name="Log" owner="BuiltIn">
<msg time="2025-05-03T11:18:38.712188" level="WARN">Title mismatch. Expected: Sign Up for Facebook | Facebook, Actual: Sign Up for Facebook</msg>
<arg>Title mismatch. Expected: ${EXPECTED_TITLE}, Actual: ${actual_title}</arg>
<arg>level=WARN</arg>
<doc>Logs the given message with the given level.</doc>
<status status="PASS" start="2025-05-03T11:18:38.711856" elapsed="0.001074"/>
</kw>
<arg>'${actual_title}' != '${EXPECTED_TITLE}'</arg>
<arg>Log</arg>
<arg>Title mismatch. Expected: ${EXPECTED_TITLE}, Actual: ${actual_title}</arg>
<arg>level=WARN</arg>
<doc>Runs the given keyword with the given arguments, if ``condition`` is true.</doc>
<status status="PASS" start="2025-05-03T11:18:38.711364" elapsed="0.001697"/>
</kw>
<status status="PASS" start="2025-05-03T11:18:36.328415" elapsed="2.384744"/>
</kw>
<kw name="Wait until page loads" owner="final_resource">
<kw name="Wait Until Element Is Visible" owner="SeleniumLibrary">
<arg>name=firstname</arg>
<arg>timeout=20s</arg>
<doc>Waits until the element ``locator`` is visible.</doc>
<status status="PASS" start="2025-05-03T11:18:38.713611" elapsed="1.016609"/>
</kw>
<status status="PASS" start="2025-05-03T11:18:38.713305" elapsed="1.017120"/>
</kw>
<status status="PASS" start="2025-05-03T11:18:35.134041" elapsed="4.596465"/>
</kw>
<kw name="And I've entered my basic information" owner="final_resource">
<kw name="Enter name &quot;John Crisistom&quot; &quot;Rosales&quot;" owner="final_resource" source_name="Enter name &quot;${firstname}&quot; &quot;${lastname}&quot;">
<kw name="Input Text" owner="SeleniumLibrary">
<msg time="2025-05-03T11:18:39.734306" level="INFO">Typing text 'John Crisistom' into text field 'name=firstname'.</msg>
<arg>name=firstname</arg>
<arg>${firstname}</arg>
<doc>Types the given ``text`` into the text field identified by ``locator``.</doc>
<status status="PASS" start="2025-05-03T11:18:39.734078" elapsed="1.580275"/>
</kw>
<kw name="Input Text" owner="SeleniumLibrary">
<msg time="2025-05-03T11:18:41.314981" level="INFO">Typing text 'Rosales' into text field 'name=lastname'.</msg>
<arg>name=lastname</arg>
<arg>${lastname}</arg>
<doc>Types the given ``text`` into the text field identified by ``locator``.</doc>
<status status="PASS" start="2025-05-03T11:18:41.314614" elapsed="1.562644"/>
</kw>
<status status="PASS" start="2025-05-03T11:18:39.733801" elapsed="3.143710"/>
</kw>
<kw name="Select birthday November 17, 1994" owner="final_resource">
<kw name="Select From List By Value" owner="SeleniumLibrary">
<msg time="2025-05-03T11:18:42.878257" level="INFO">Selecting options from selection list 'name=birthday_month' by value 11.</msg>
<arg>name=birthday_month</arg>
<arg>11</arg>
<doc>Selects options from selection list ``locator`` by ``values``.</doc>
<status status="PASS" start="2025-05-03T11:18:42.878040" elapsed="4.077523"/>
</kw>
<kw name="Select From List By Value" owner="SeleniumLibrary">
<msg time="2025-05-03T11:18:46.956156" level="INFO">Selecting options from selection list 'name=birthday_day' by value 17.</msg>
<arg>name=birthday_day</arg>
<arg>17</arg>
<doc>Selects options from selection list ``locator`` by ``values``.</doc>
<status status="PASS" start="2025-05-03T11:18:46.955854" elapsed="4.072625"/>
</kw>
<kw name="Select From List By Value" owner="SeleniumLibrary">
<msg time="2025-05-03T11:18:51.029034" level="INFO">Selecting options from selection list 'name=birthday_year' by value 1994.</msg>
<arg>name=birthday_year</arg>
<arg>1994</arg>
<doc>Selects options from selection list ``locator`` by ``values``.</doc>
<status status="PASS" start="2025-05-03T11:18:51.028738" elapsed="4.074692"/>
</kw>
<status status="PASS" start="2025-05-03T11:18:42.877692" elapsed="12.225951"/>
</kw>
<kw name="Choose male gender" owner="final_resource">
<kw name="Click Element" owner="SeleniumLibrary">
<msg time="2025-05-03T11:18:55.104461" level="INFO">Clicking element 'xpath=//input[@name='sex' and @value='2']'.</msg>
<arg>xpath=//input[@name='sex' and @value='2']</arg>
<doc>Click the element identified by ``locator``.</doc>
<status status="PASS" start="2025-05-03T11:18:55.104160" elapsed="1.055669"/>
</kw>
<status status="PASS" start="2025-05-03T11:18:55.103803" elapsed="1.056243"/>
</kw>
<kw name="Set temporary password &quot;Paolo095!&quot;" owner="final_resource" source_name="Set temporary password &quot;${password}&quot;">
<kw name="Input Password" owner="SeleniumLibrary">
<msg time="2025-05-03T11:18:56.160826" level="INFO">Typing password into text field 'name=reg_passwd__'.</msg>
<msg time="2025-05-03T11:18:57.186537" level="INFO">Temporally setting log level to: NONE</msg>
<arg>name=reg_passwd__</arg>
<arg>${password}</arg>
<doc>Types the given password into the text field identified by ``locator``.</doc>
<status status="PASS" start="2025-05-03T11:18:56.160600" elapsed="1.562745"/>
</kw>
<status status="PASS" start="2025-05-03T11:18:56.160239" elapsed="1.563551"/>
</kw>
<status status="PASS" start="2025-05-03T11:18:39.732213" elapsed="17.991847"/>
</kw>
<kw name="When I type &quot;0916&quot; as my mobile number" owner="final_resource" source_name="I type &quot;${number}&quot; as my mobile number">
<kw name="Input Text" owner="SeleniumLibrary">
<msg time="2025-05-03T11:18:57.734046" level="INFO">Typing text '0916' into text field 'name=reg_email__'.</msg>
<arg>name=reg_email__</arg>
<arg>${number}</arg>
<doc>Types the given ``text`` into the text field identified by ``locator``.</doc>
<status status="PASS" start="2025-05-03T11:18:57.733817" elapsed="1.561592"/>
</kw>
<kw name="Wait for loading to finish" owner="final_resource">
<kw name="Wait Until Element Is Not Visible" owner="SeleniumLibrary">
<arg>css:div[role="progressbar"]</arg>
<arg>timeout=10s</arg>
<doc>Waits until the element ``locator`` is not visible.</doc>
<status status="PASS" start="2025-05-03T11:18:59.296187" elapsed="0.508376"/>
</kw>
<status status="PASS" start="2025-05-03T11:18:59.295833" elapsed="0.508926"/>
</kw>
<status status="PASS" start="2025-05-03T11:18:57.729967" elapsed="2.074868"/>
</kw>
<kw name="And I click sign up" owner="final_resource">
<kw name="Click Button" owner="SeleniumLibrary">
<msg time="2025-05-03T11:18:59.808819" level="INFO">Clicking button 'name=websubmit'.</msg>
<arg>name=websubmit</arg>
<doc>Clicks the button identified by ``locator``.</doc>
<status status="PASS" start="2025-05-03T11:18:59.808595" elapsed="2.563405"/>
</kw>
<status status="PASS" start="2025-05-03T11:18:59.806757" elapsed="2.565445"/>
</kw>
<kw name="Then If the number is valid I should see the mobile confirmation page" owner="final_resource">
<kw name="Run Keyword And Return Status" owner="BuiltIn">
<kw name="I should see the mobile confirmation page" owner="final_resource">
<kw name="Sleep" owner="BuiltIn">
<msg time="2025-05-03T11:19:17.376061" level="INFO">Slept 15 seconds.</msg>
<arg>15s</arg>
<doc>Pauses the test executed for the given time.</doc>
<status status="PASS" start="2025-05-03T11:19:02.375689" elapsed="15.000687"/>
</kw>
<status status="PASS" start="2025-05-03T11:19:02.375478" elapsed="15.001053"/>
</kw>
<msg time="2025-05-03T11:19:17.376639" level="INFO">${status} = True</msg>
<var>${status}</var>
<arg>I should see the mobile confirmation page</arg>
<doc>Runs the given keyword with given arguments and returns the status as a Boolean value.</doc>
<status status="PASS" start="2025-05-03T11:19:02.375260" elapsed="15.001499"/>
</kw>
<return>
<value>${status}</value>
<status status="PASS" start="2025-05-03T11:19:17.376858" elapsed="0.000170"/>
</return>
<status status="PASS" start="2025-05-03T11:19:02.374258" elapsed="15.002891"/>
</kw>
<kw name="Close Browser" owner="SeleniumLibrary" type="TEARDOWN">
<doc>Closes the current browser.</doc>
<status status="PASS" start="2025-05-03T11:19:17.378336" elapsed="2.552748"/>
</kw>
<status status="PASS" start="2025-05-03T11:18:35.133333" elapsed="44.798177"/>
</test>
<test id="s1-s1-t7" name="When signing up for a new Facebook account using an unusually long 15-digit mobile number" line="51">
<kw name="Given I'm on the Facebook signup page" owner="final_resource">
<kw name="Open Chrome in incognito mode" owner="final_resource">
<kw name="Evaluate" owner="BuiltIn">
<msg time="2025-05-03T11:19:19.935939" level="INFO">${options} = &lt;selenium.webdriver.chrome.options.Options object at 0x000001D2DF095260&gt;</msg>
<var>${options}</var>
<arg>sys.modules['selenium.webdriver'].ChromeOptions()</arg>
<arg>sys, selenium.webdriver</arg>
<doc>Evaluates the given expression in Python and returns the result.</doc>
<status status="PASS" start="2025-05-03T11:19:19.935642" elapsed="0.000417"/>
</kw>
<kw name="Call Method" owner="BuiltIn">
<arg>${options}</arg>
<arg>add_argument</arg>
<arg>--incognito</arg>
<doc>Calls the named method of the given object with the provided arguments.</doc>
<status status="PASS" start="2025-05-03T11:19:19.936224" elapsed="0.000255"/>
</kw>
<kw name="Call Method" owner="BuiltIn">
<arg>${options}</arg>
<arg>add_argument</arg>
<arg>--disable-notifications</arg>
<doc>Calls the named method of the given object with the provided arguments.</doc>
<status status="PASS" start="2025-05-03T11:19:19.936641" elapsed="0.000224"/>
</kw>
<kw name="Create Webdriver" owner="SeleniumLibrary">
<msg time="2025-05-03T11:19:19.937467" level="INFO">Creating an instance of the Chrome WebDriver.</msg>
<arg>Chrome</arg>
<arg>options=${options}</arg>
<doc>Creates an instance of Selenium WebDriver.</doc>
<status status="PASS" start="2025-05-03T11:19:19.937004" elapsed="1.166546"/>
</kw>
<kw name="Maximize Browser Window" owner="SeleniumLibrary">
<doc>Maximizes current browser window.</doc>
<status status="PASS" start="2025-05-03T11:19:21.103788" elapsed="0.033691"/>
</kw>
<kw name="Set Selenium Speed" owner="SeleniumLibrary">
<arg>${DELAY}</arg>
<doc>Sets the delay that is waited after each Selenium command.</doc>
<status status="PASS" start="2025-05-03T11:19:21.137728" elapsed="0.000382"/>
</kw>
<status status="PASS" start="2025-05-03T11:19:19.935396" elapsed="1.202819"/>
</kw>
<kw name="Go to Facebook registration" owner="final_resource">
<kw name="Go To" owner="SeleniumLibrary">
<msg time="2025-05-03T11:19:21.138859" level="INFO">Opening url 'https://www.facebook.com/r.php?locale=en_US&amp;display=page'</msg>
<arg>${FACEBOOK_REGISTER_URL}</arg>
<doc>Navigates the current browser window to the provided ``url``.</doc>
<status status="PASS" start="2025-05-03T11:19:21.138675" elapsed="1.370902"/>
</kw>
<kw name="Wait Until Page Contains" owner="SeleniumLibrary">
<arg>Sign Up</arg>
<arg>timeout=20s</arg>
<doc>Waits until ``text`` appears on the current page.</doc>
<status status="PASS" start="2025-05-03T11:19:22.509853" elapsed="0.514607"/>
</kw>
<kw name="Get Title" owner="SeleniumLibrary">
<msg time="2025-05-03T11:19:23.570534" level="INFO">${actual_title} = Sign Up for Facebook</msg>
<var>${actual_title}</var>
<doc>Returns the title of the current page.</doc>
<status status="PASS" start="2025-05-03T11:19:23.024744" elapsed="0.546041"/>
</kw>
<kw name="Run Keyword If" owner="BuiltIn">
<kw name="Log" owner="BuiltIn">
<msg time="2025-05-03T11:19:23.571780" level="WARN">Title mismatch. Expected: Sign Up for Facebook | Facebook, Actual: Sign Up for Facebook</msg>
<arg>Title mismatch. Expected: ${EXPECTED_TITLE}, Actual: ${actual_title}</arg>
<arg>level=WARN</arg>
<doc>Logs the given message with the given level.</doc>
<status status="PASS" start="2025-05-03T11:19:23.571447" elapsed="0.001094"/>
</kw>
<arg>'${actual_title}' != '${EXPECTED_TITLE}'</arg>
<arg>Log</arg>
<arg>Title mismatch. Expected: ${EXPECTED_TITLE}, Actual: ${actual_title}</arg>
<arg>level=WARN</arg>
<doc>Runs the given keyword with the given arguments, if ``condition`` is true.</doc>
<status status="PASS" start="2025-05-03T11:19:23.571022" elapsed="0.001652"/>
</kw>
<status status="PASS" start="2025-05-03T11:19:21.138370" elapsed="2.434406"/>
</kw>
<kw name="Wait until page loads" owner="final_resource">
<kw name="Wait Until Element Is Visible" owner="SeleniumLibrary">
<arg>name=firstname</arg>
<arg>timeout=20s</arg>
<doc>Waits until the element ``locator`` is visible.</doc>
<status status="PASS" start="2025-05-03T11:19:23.573265" elapsed="1.016370"/>
</kw>
<status status="PASS" start="2025-05-03T11:19:23.572926" elapsed="1.016915"/>
</kw>
<status status="PASS" start="2025-05-03T11:19:19.933576" elapsed="4.656342"/>
</kw>
<kw name="And I've entered my basic information" owner="final_resource">
<kw name="Enter name &quot;John Crisistom&quot; &quot;Rosales&quot;" owner="final_resource" source_name="Enter name &quot;${firstname}&quot; &quot;${lastname}&quot;">
<kw name="Input Text" owner="SeleniumLibrary">
<msg time="2025-05-03T11:19:24.594078" level="INFO">Typing text 'John Crisistom' into text field 'name=firstname'.</msg>
<arg>name=firstname</arg>
<arg>${firstname}</arg>
<doc>Types the given ``text`` into the text field identified by ``locator``.</doc>
<status status="PASS" start="2025-05-03T11:19:24.593788" elapsed="1.586563"/>
</kw>
<kw name="Input Text" owner="SeleniumLibrary">
<msg time="2025-05-03T11:19:26.180994" level="INFO">Typing text 'Rosales' into text field 'name=lastname'.</msg>
<arg>name=lastname</arg>
<arg>${lastname}</arg>
<doc>Types the given ``text`` into the text field identified by ``locator``.</doc>
<status status="PASS" start="2025-05-03T11:19:26.180606" elapsed="1.568892"/>
</kw>
<status status="PASS" start="2025-05-03T11:19:24.593497" elapsed="3.156269"/>
</kw>
<kw name="Select birthday November 17, 1994" owner="final_resource">
<kw name="Select From List By Value" owner="SeleniumLibrary">
<msg time="2025-05-03T11:19:27.750520" level="INFO">Selecting options from selection list 'name=birthday_month' by value 11.</msg>
<arg>name=birthday_month</arg>
<arg>11</arg>
<doc>Selects options from selection list ``locator`` by ``values``.</doc>
<status status="PASS" start="2025-05-03T11:19:27.750302" elapsed="4.082007"/>
</kw>
<kw name="Select From List By Value" owner="SeleniumLibrary">
<msg time="2025-05-03T11:19:31.832882" level="INFO">Selecting options from selection list 'name=birthday_day' by value 17.</msg>
<arg>name=birthday_day</arg>
<arg>17</arg>
<doc>Selects options from selection list ``locator`` by ``values``.</doc>
<status status="PASS" start="2025-05-03T11:19:31.832578" elapsed="4.068568"/>
</kw>
<kw name="Select From List By Value" owner="SeleniumLibrary">
<msg time="2025-05-03T11:19:35.901749" level="INFO">Selecting options from selection list 'name=birthday_year' by value 1994.</msg>
<arg>name=birthday_year</arg>
<arg>1994</arg>
<doc>Selects options from selection list ``locator`` by ``values``.</doc>
<status status="PASS" start="2025-05-03T11:19:35.901414" elapsed="4.072716"/>
</kw>
<status status="PASS" start="2025-05-03T11:19:27.749960" elapsed="12.224396"/>
</kw>
<kw name="Choose male gender" owner="final_resource">
<kw name="Click Element" owner="SeleniumLibrary">
<msg time="2025-05-03T11:19:39.975085" level="INFO">Clicking element 'xpath=//input[@name='sex' and @value='2']'.</msg>
<arg>xpath=//input[@name='sex' and @value='2']</arg>
<doc>Click the element identified by ``locator``.</doc>
<status status="PASS" start="2025-05-03T11:19:39.974878" elapsed="1.058395"/>
</kw>
<status status="PASS" start="2025-05-03T11:19:39.974525" elapsed="1.059052"/>
</kw>
<kw name="Set temporary password &quot;Paolo095!&quot;" owner="final_resource" source_name="Set temporary password &quot;${password}&quot;">
<kw name="Input Password" owner="SeleniumLibrary">
<msg time="2025-05-03T11:19:41.034503" level="INFO">Typing password into text field 'name=reg_passwd__'.</msg>
<msg time="2025-05-03T11:19:42.061800" level="INFO">Temporally setting log level to: NONE</msg>
<arg>name=reg_passwd__</arg>
<arg>${password}</arg>
<doc>Types the given password into the text field identified by ``locator``.</doc>
<status status="PASS" start="2025-05-03T11:19:41.034260" elapsed="1.561582"/>
</kw>
<status status="PASS" start="2025-05-03T11:19:41.033844" elapsed="1.562162"/>
</kw>
<status status="PASS" start="2025-05-03T11:19:24.591680" elapsed="18.004411"/>
</kw>
<kw name="When I type &quot;091628568621234&quot; as my mobile number" owner="final_resource" source_name="I type &quot;${number}&quot; as my mobile number">
<kw name="Input Text" owner="SeleniumLibrary">
<msg time="2025-05-03T11:19:42.601899" level="INFO">Typing text '091628568621234' into text field 'name=reg_email__'.</msg>
<arg>name=reg_email__</arg>
<arg>${number}</arg>
<doc>Types the given ``text`` into the text field identified by ``locator``.</doc>
<status status="PASS" start="2025-05-03T11:19:42.601667" elapsed="1.574500"/>
</kw>
<kw name="Wait for loading to finish" owner="final_resource">
<kw name="Wait Until Element Is Not Visible" owner="SeleniumLibrary">
<arg>css:div[role="progressbar"]</arg>
<arg>timeout=10s</arg>
<doc>Waits until the element ``locator`` is not visible.</doc>
<status status="PASS" start="2025-05-03T11:19:44.176816" elapsed="0.508963"/>
</kw>
<status status="PASS" start="2025-05-03T11:19:44.176451" elapsed="0.509539"/>
</kw>
<status status="PASS" start="2025-05-03T11:19:42.600330" elapsed="2.085740"/>
</kw>
<kw name="And I click sign up" owner="final_resource">
<kw name="Click Button" owner="SeleniumLibrary">
<msg time="2025-05-03T11:19:44.689987" level="INFO">Clicking button 'name=websubmit'.</msg>
<arg>name=websubmit</arg>
<doc>Clicks the button identified by ``locator``.</doc>
<status status="PASS" start="2025-05-03T11:19:44.689757" elapsed="2.567633"/>
</kw>
<status status="PASS" start="2025-05-03T11:19:44.687769" elapsed="2.569910"/>
</kw>
<kw name="Then If the number is valid I should see the mobile confirmation page" owner="final_resource">
<kw name="Run Keyword And Return Status" owner="BuiltIn">
<kw name="I should see the mobile confirmation page" owner="final_resource">
<kw name="Sleep" owner="BuiltIn">
<msg time="2025-05-03T11:20:02.261914" level="INFO">Slept 15 seconds.</msg>
<arg>15s</arg>
<doc>Pauses the test executed for the given time.</doc>
<status status="PASS" start="2025-05-03T11:19:47.261145" elapsed="15.001079"/>
</kw>
<status status="PASS" start="2025-05-03T11:19:47.260933" elapsed="15.001445"/>
</kw>
<msg time="2025-05-03T11:20:02.262487" level="INFO">${status} = True</msg>
<var>${status}</var>
<arg>I should see the mobile confirmation page</arg>
<doc>Runs the given keyword with given arguments and returns the status as a Boolean value.</doc>
<status status="PASS" start="2025-05-03T11:19:47.260699" elapsed="15.002022"/>
</kw>
<return>
<value>${status}</value>
<status status="PASS" start="2025-05-03T11:20:02.262887" elapsed="0.000233"/>
</return>
<status status="PASS" start="2025-05-03T11:19:47.259680" elapsed="15.003629"/>
</kw>
<kw name="Close Browser" owner="SeleniumLibrary" type="TEARDOWN">
<doc>Closes the current browser.</doc>
<status status="PASS" start="2025-05-03T11:20:02.264466" elapsed="2.552126"/>
</kw>
<status status="PASS" start="2025-05-03T11:19:19.932797" elapsed="44.884263"/>
</test>
<test id="s1-s1-t8" name="When signing up for a new Facebook account using a mobile number that contains alphabetical letters mixed with digits" line="58">
<kw name="Given I'm on the Facebook signup page" owner="final_resource">
<kw name="Open Chrome in incognito mode" owner="final_resource">
<kw name="Evaluate" owner="BuiltIn">
<msg time="2025-05-03T11:20:04.822044" level="INFO">${options} = &lt;selenium.webdriver.chrome.options.Options object at 0x000001D2DF096CF0&gt;</msg>
<var>${options}</var>
<arg>sys.modules['selenium.webdriver'].ChromeOptions()</arg>
<arg>sys, selenium.webdriver</arg>
<doc>Evaluates the given expression in Python and returns the result.</doc>
<status status="PASS" start="2025-05-03T11:20:04.821705" elapsed="0.000473"/>
</kw>
<kw name="Call Method" owner="BuiltIn">
<arg>${options}</arg>
<arg>add_argument</arg>
<arg>--incognito</arg>
<doc>Calls the named method of the given object with the provided arguments.</doc>
<status status="PASS" start="2025-05-03T11:20:04.822339" elapsed="0.000233"/>
</kw>
<kw name="Call Method" owner="BuiltIn">
<arg>${options}</arg>
<arg>add_argument</arg>
<arg>--disable-notifications</arg>
<doc>Calls the named method of the given object with the provided arguments.</doc>
<status status="PASS" start="2025-05-03T11:20:04.822693" elapsed="0.000353"/>
</kw>
<kw name="Create Webdriver" owner="SeleniumLibrary">
<msg time="2025-05-03T11:20:04.823426" level="INFO">Creating an instance of the Chrome WebDriver.</msg>
<arg>Chrome</arg>
<arg>options=${options}</arg>
<doc>Creates an instance of Selenium WebDriver.</doc>
<status status="PASS" start="2025-05-03T11:20:04.823205" elapsed="1.158249"/>
</kw>
[...]
<msg time="2025-05-03T11:26:11.504031" level="INFO">Selecting options from selection list 'name=birthday_month' by value 11.</msg>
<arg>name=birthday_month</arg>
<arg>11</arg>
<doc>Selects options from selection list ``locator`` by ``values``.</doc>
<status status="PASS" start="2025-05-03T11:26:11.503782" elapsed="4.083421"/>
</kw>
<kw name="Select From List By Value" owner="SeleniumLibrary">
<msg time="2025-05-03T11:26:15.587872" level="INFO">Selecting options from selection list 'name=birthday_day' by value 17.</msg>
<arg>name=birthday_day</arg>
<arg>17</arg>
<doc>Selects options from selection list ``locator`` by ``values``.</doc>
<status status="PASS" start="2025-05-03T11:26:15.587503" elapsed="4.070892"/>
</kw>
<kw name="Select From List By Value" owner="SeleniumLibrary">
<msg time="2025-05-03T11:26:19.659506" level="INFO">Selecting options from selection list 'name=birthday_year' by value 1994.</msg>
<arg>name=birthday_year</arg>
<arg>1994</arg>
<doc>Selects options from selection list ``locator`` by ``values``.</doc>
<status status="PASS" start="2025-05-03T11:26:19.658848" elapsed="4.069600"/>
</kw>
<status status="PASS" start="2025-05-03T11:26:11.503407" elapsed="12.225319"/>
</kw>
<kw name="Choose male gender" owner="final_resource">
<kw name="Click Element" owner="SeleniumLibrary">
<msg time="2025-05-03T11:26:23.729522" level="INFO">Clicking element 'xpath=//input[@name='sex' and @value='2']'.</msg>
<arg>xpath=//input[@name='sex' and @value='2']</arg>
<doc>Click the element identified by ``locator``.</doc>
<status status="PASS" start="2025-05-03T11:26:23.729303" elapsed="1.056100"/>
</kw>
<status status="PASS" start="2025-05-03T11:26:23.728917" elapsed="1.056678"/>
</kw>
<kw name="Set temporary password &quot;Paolo095!&quot;" owner="final_resource" source_name="Set temporary password &quot;${password}&quot;">
<kw name="Input Password" owner="SeleniumLibrary">
<msg time="2025-05-03T11:26:24.786431" level="INFO">Typing password into text field 'name=reg_passwd__'.</msg>
<msg time="2025-05-03T11:26:25.816205" level="INFO">Temporally setting log level to: NONE</msg>
<arg>name=reg_passwd__</arg>
<arg>${password}</arg>
<doc>Types the given password into the text field identified by ``locator``.</doc>
<status status="PASS" start="2025-05-03T11:26:24.786173" elapsed="1.563650"/>
</kw>
<status status="PASS" start="2025-05-03T11:26:24.785787" elapsed="1.564204"/>
</kw>
<status status="PASS" start="2025-05-03T11:26:08.354942" elapsed="17.995138"/>
</kw>
<kw name="Use email &quot;natsuxlucy02@gmail.com&quot;" owner="final_resource" source_name="Use email &quot;${email}&quot;">
<kw name="Input Text" owner="SeleniumLibrary">
<msg time="2025-05-03T11:26:26.350815" level="INFO">Typing text 'natsuxlucy02@gmail.com' into text field 'name=reg_email__'.</msg>
<arg>name=reg_email__</arg>
<arg>${email}</arg>
<doc>Types the given ``text`` into the text field identified by ``locator``.</doc>
<status status="PASS" start="2025-05-03T11:26:26.350584" elapsed="1.576514"/>
</kw>
<status status="PASS" start="2025-05-03T11:26:26.350240" elapsed="1.577066"/>
</kw>
<status status="PASS" start="2025-05-03T11:26:08.353696" elapsed="19.573712"/>
</kw>
<kw name="When I leave password blank" owner="final_resource">
<kw name="Clear Element Text" owner="SeleniumLibrary">
<arg>name=reg_passwd__</arg>
<doc>Clears the value of the text-input-element identified by ``locator``.</doc>
<status status="PASS" start="2025-05-03T11:26:27.930937" elapsed="1.025446"/>
</kw>
<status status="PASS" start="2025-05-03T11:26:27.928886" elapsed="1.027722"/>
</kw>
<kw name="And I click sign up" owner="final_resource">
<kw name="Click Button" owner="SeleniumLibrary">
<msg time="2025-05-03T11:26:28.960788" level="INFO">Clicking button 'name=websubmit'.</msg>
<arg>name=websubmit</arg>
<doc>Clicks the button identified by ``locator``.</doc>
<status status="PASS" start="2025-05-03T11:26:28.960576" elapsed="2.573993"/>
</kw>
<status status="PASS" start="2025-05-03T11:26:28.958699" elapsed="2.576236"/>
</kw>
<kw name="Then If password meets requirements I should proceed to next step" owner="final_resource">
<kw name="Run Keyword And Return Status" owner="BuiltIn">
<kw name="I should proceed to next step" owner="final_resource">
<kw name="Sleep" owner="BuiltIn">
<msg time="2025-05-03T11:26:46.539656" level="INFO">Slept 15 seconds.</msg>
<arg>15s</arg>
<doc>Pauses the test executed for the given time.</doc>
<status status="PASS" start="2025-05-03T11:26:31.538886" elapsed="15.001282"/>
</kw>
<status status="PASS" start="2025-05-03T11:26:31.538624" elapsed="15.001764"/>
</kw>
<msg time="2025-05-03T11:26:46.540528" level="INFO">${status} = True</msg>
<var>${status}</var>
<arg>I should proceed to next step</arg>
<doc>Runs the given keyword with given arguments and returns the status as a Boolean value.</doc>
<status status="PASS" start="2025-05-03T11:26:31.538411" elapsed="15.002305"/>
</kw>
<return>
<value>${status}</value>
<status status="PASS" start="2025-05-03T11:26:46.540865" elapsed="0.000333"/>
</return>
<status status="PASS" start="2025-05-03T11:26:31.537178" elapsed="15.004157"/>
</kw>
<kw name="Close Browser" owner="SeleniumLibrary" type="TEARDOWN">
<doc>Closes the current browser.</doc>
<status status="PASS" start="2025-05-03T11:26:46.542556" elapsed="2.546412"/>
</kw>
<status status="PASS" start="2025-05-03T11:26:03.730991" elapsed="45.358365"/>
</test>
<test id="s1-s1-t16" name="When signing up for a new Facebook account using a strong password that combines uppercase, lowercase, numbers and symbols" line="124">
<kw name="Given I'm on the Facebook signup page" owner="final_resource">
<kw name="Open Chrome in incognito mode" owner="final_resource">
<kw name="Evaluate" owner="BuiltIn">
<msg time="2025-05-03T11:26:49.094085" level="INFO">${options} = &lt;selenium.webdriver.chrome.options.Options object at 0x000001D2DF064E90&gt;</msg>
<var>${options}</var>
<arg>sys.modules['selenium.webdriver'].ChromeOptions()</arg>
<arg>sys, selenium.webdriver</arg>
<doc>Evaluates the given expression in Python and returns the result.</doc>
<status status="PASS" start="2025-05-03T11:26:49.093786" elapsed="0.000452"/>
</kw>
<kw name="Call Method" owner="BuiltIn">
<arg>${options}</arg>
<arg>add_argument</arg>
<arg>--incognito</arg>
<doc>Calls the named method of the given object with the provided arguments.</doc>
<status status="PASS" start="2025-05-03T11:26:49.094382" elapsed="0.000222"/>
</kw>
<kw name="Call Method" owner="BuiltIn">
<arg>${options}</arg>
<arg>add_argument</arg>
<arg>--disable-notifications</arg>
<doc>Calls the named method of the given object with the provided arguments.</doc>
<status status="PASS" start="2025-05-03T11:26:49.094723" elapsed="0.000252"/>
</kw>
<kw name="Create Webdriver" owner="SeleniumLibrary">
<msg time="2025-05-03T11:26:49.095349" level="INFO">Creating an instance of the Chrome WebDriver.</msg>
<arg>Chrome</arg>
<arg>options=${options}</arg>
<doc>Creates an instance of Selenium WebDriver.</doc>
<status status="PASS" start="2025-05-03T11:26:49.095105" elapsed="1.174722"/>
</kw>
<kw name="Maximize Browser Window" owner="SeleniumLibrary">
<doc>Maximizes current browser window.</doc>
<status status="PASS" start="2025-05-03T11:26:50.270060" elapsed="0.033885"/>
</kw>
<kw name="Set Selenium Speed" owner="SeleniumLibrary">
<arg>${DELAY}</arg>
<doc>Sets the delay that is waited after each Selenium command.</doc>
<status status="PASS" start="2025-05-03T11:26:50.304187" elapsed="0.000358"/>
</kw>
<status status="PASS" start="2025-05-03T11:26:49.093503" elapsed="1.211158"/>
</kw>
<kw name="Go to Facebook registration" owner="final_resource">
<kw name="Go To" owner="SeleniumLibrary">
<msg time="2025-05-03T11:26:50.305385" level="INFO">Opening url 'https://www.facebook.com/r.php?locale=en_US&amp;display=page'</msg>
<arg>${FACEBOOK_REGISTER_URL}</arg>
<doc>Navigates the current browser window to the provided ``url``.</doc>
<status status="PASS" start="2025-05-03T11:26:50.305149" elapsed="1.539822"/>
</kw>
<kw name="Wait Until Page Contains" owner="SeleniumLibrary">
<arg>Sign Up</arg>
<arg>timeout=20s</arg>
<doc>Waits until ``text`` appears on the current page.</doc>
<status status="PASS" start="2025-05-03T11:26:51.845227" elapsed="0.512949"/>
</kw>
<kw name="Get Title" owner="SeleniumLibrary">
<msg time="2025-05-03T11:26:52.867933" level="INFO">${actual_title} = Sign Up for Facebook</msg>
<var>${actual_title}</var>
<doc>Returns the title of the current page.</doc>
<status status="PASS" start="2025-05-03T11:26:52.358614" elapsed="0.509576"/>
</kw>
<kw name="Run Keyword If" owner="BuiltIn">
<kw name="Log" owner="BuiltIn">
<msg time="2025-05-03T11:26:52.869194" level="WARN">Title mismatch. Expected: Sign Up for Facebook | Facebook, Actual: Sign Up for Facebook</msg>
<arg>Title mismatch. Expected: ${EXPECTED_TITLE}, Actual: ${actual_title}</arg>
<arg>level=WARN</arg>
<doc>Logs the given message with the given level.</doc>
<status status="PASS" start="2025-05-03T11:26:52.868909" elapsed="0.000931"/>
</kw>
<arg>'${actual_title}' != '${EXPECTED_TITLE}'</arg>
<arg>Log</arg>
<arg>Title mismatch. Expected: ${EXPECTED_TITLE}, Actual: ${actual_title}</arg>
<arg>level=WARN</arg>
<doc>Runs the given keyword with the given arguments, if ``condition`` is true.</doc>
<status status="PASS" start="2025-05-03T11:26:52.868429" elapsed="0.001515"/>
</kw>
<status status="PASS" start="2025-05-03T11:26:50.304853" elapsed="2.565188"/>
</kw>
<kw name="Wait until page loads" owner="final_resource">
<kw name="Wait Until Element Is Visible" owner="SeleniumLibrary">
<arg>name=firstname</arg>
<arg>timeout=20s</arg>
<doc>Waits until the element ``locator`` is visible.</doc>
<status status="PASS" start="2025-05-03T11:26:52.870629" elapsed="1.021225"/>
</kw>
<status status="PASS" start="2025-05-03T11:26:52.870177" elapsed="1.022140"/>
</kw>
<status status="PASS" start="2025-05-03T11:26:49.091262" elapsed="4.801293"/>
</kw>
<kw name="And I've entered my basic information with email" owner="final_resource">
<kw name="I've entered my basic information" owner="final_resource">
<kw name="Enter name &quot;John Crisistom&quot; &quot;Rosales&quot;" owner="final_resource" source_name="Enter name &quot;${firstname}&quot; &quot;${lastname}&quot;">
<kw name="Input Text" owner="SeleniumLibrary">
<msg time="2025-05-03T11:26:53.899982" level="INFO">Typing text 'John Crisistom' into text field 'name=firstname'.</msg>
<arg>name=firstname</arg>
<arg>${firstname}</arg>
<doc>Types the given ``text`` into the text field identified by ``locator``.</doc>
<status status="PASS" start="2025-05-03T11:26:53.899769" elapsed="1.582508"/>
</kw>
<kw name="Input Text" owner="SeleniumLibrary">
<msg time="2025-05-03T11:26:55.482922" level="INFO">Typing text 'Rosales' into text field 'name=lastname'.</msg>
<arg>name=lastname</arg>
<arg>${lastname}</arg>
<doc>Types the given ``text`` into the text field identified by ``locator``.</doc>
<status status="PASS" start="2025-05-03T11:26:55.482550" elapsed="1.561777"/>
</kw>
<status status="PASS" start="2025-05-03T11:26:53.899528" elapsed="3.145005"/>
</kw>
<kw name="Select birthday November 17, 1994" owner="final_resource">
<kw name="Select From List By Value" owner="SeleniumLibrary">
<msg time="2025-05-03T11:26:57.045414" level="INFO">Selecting options from selection list 'name=birthday_month' by value 11.</msg>
<arg>name=birthday_month</arg>
<arg>11</arg>
<doc>Selects options from selection list ``locator`` by ``values``.</doc>
<status status="PASS" start="2025-05-03T11:26:57.045161" elapsed="4.090571"/>
</kw>
<kw name="Select From List By Value" owner="SeleniumLibrary">
<msg time="2025-05-03T11:27:01.136380" level="INFO">Selecting options from selection list 'name=birthday_day' by value 17.</msg>
<arg>name=birthday_day</arg>
<arg>17</arg>
<doc>Selects options from selection list ``locator`` by ``values``.</doc>
<status status="PASS" start="2025-05-03T11:27:01.136021" elapsed="4.066005"/>
</kw>
<kw name="Select From List By Value" owner="SeleniumLibrary">
<msg time="2025-05-03T11:27:05.202682" level="INFO">Selecting options from selection list 'name=birthday_year' by value 1994.</msg>
<arg>name=birthday_year</arg>
<arg>1994</arg>
<doc>Selects options from selection list ``locator`` by ``values``.</doc>
<status status="PASS" start="2025-05-03T11:27:05.202365" elapsed="4.076919"/>
</kw>
<status status="PASS" start="2025-05-03T11:26:57.044755" elapsed="12.234830"/>
</kw>
<kw name="Choose male gender" owner="final_resource">
<kw name="Click Element" owner="SeleniumLibrary">
<msg time="2025-05-03T11:27:09.280300" level="INFO">Clicking element 'xpath=//input[@name='sex' and @value='2']'.</msg>
<arg>xpath=//input[@name='sex' and @value='2']</arg>
<doc>Click the element identified by ``locator``.</doc>
<status status="PASS" start="2025-05-03T11:27:09.280094" elapsed="1.050811"/>
</kw>
<status status="PASS" start="2025-05-03T11:27:09.279742" elapsed="1.051698"/>
</kw>
<kw name="Set temporary password &quot;Paolo095!&quot;" owner="final_resource" source_name="Set temporary password &quot;${password}&quot;">
<kw name="Input Password" owner="SeleniumLibrary">
<msg time="2025-05-03T11:27:10.333722" level="INFO">Typing password into text field 'name=reg_passwd__'.</msg>
<msg time="2025-05-03T11:27:11.365379" level="INFO">Temporally setting log level to: NONE</msg>
<arg>name=reg_passwd__</arg>
<arg>${password}</arg>
<doc>Types the given password into the text field identified by ``locator``.</doc>
<status status="PASS" start="2025-05-03T11:27:10.333049" elapsed="1.572554"/>
</kw>
<status status="PASS" start="2025-05-03T11:27:10.331980" elapsed="1.574103"/>
</kw>
<status status="PASS" start="2025-05-03T11:26:53.899274" elapsed="18.007126"/>
</kw>
<kw name="Use email &quot;natsuxlucy02@gmail.com&quot;" owner="final_resource" source_name="Use email &quot;${email}&quot;">
<kw name="Input Text" owner="SeleniumLibrary">
<msg time="2025-05-03T11:27:11.908734" level="INFO">Typing text 'natsuxlucy02@gmail.com' into text field 'name=reg_email__'.</msg>
<arg>name=reg_email__</arg>
<arg>${email}</arg>
<doc>Types the given ``text`` into the text field identified by ``locator``.</doc>
<status status="PASS" start="2025-05-03T11:27:11.907996" elapsed="1.593922"/>
</kw>
<status status="PASS" start="2025-05-03T11:27:11.906873" elapsed="1.595261"/>
</kw>
<status status="PASS" start="2025-05-03T11:26:53.897686" elapsed="19.604551"/>
</kw>
<kw name="When I set my password to &quot;Paolo095!&quot;" owner="final_resource" source_name="I set my password to &quot;${password}&quot;">
<kw name="Input Password" owner="SeleniumLibrary">
<msg time="2025-05-03T11:27:13.505685" level="INFO">Typing password into text field 'name=reg_passwd__'.</msg>
<msg time="2025-05-03T11:27:14.530747" level="INFO">Temporally setting log level to: NONE</msg>
<arg>name=reg_passwd__</arg>
<arg>${password}</arg>
<doc>Types the given password into the text field identified by ``locator``.</doc>
<status status="PASS" start="2025-05-03T11:27:13.505431" elapsed="1.566538"/>
</kw>
<status status="PASS" start="2025-05-03T11:27:13.503728" elapsed="1.568414"/>
</kw>
<kw name="And I click sign up" owner="final_resource">
<kw name="Click Button" owner="SeleniumLibrary">
<msg time="2025-05-03T11:27:15.076093" level="INFO">Clicking button 'name=websubmit'.</msg>
<arg>name=websubmit</arg>
<doc>Clicks the button identified by ``locator``.</doc>
<status status="PASS" start="2025-05-03T11:27:15.075870" elapsed="2.586734"/>
</kw>
<status status="PASS" start="2025-05-03T11:27:15.074052" elapsed="2.588751"/>
</kw>
<kw name="Then If password meets requirements I should proceed to next step" owner="final_resource">
<kw name="Run Keyword And Return Status" owner="BuiltIn">
<kw name="I should proceed to next step" owner="final_resource">
<kw name="Sleep" owner="BuiltIn">
<msg time="2025-05-03T11:27:32.667118" level="INFO">Slept 15 seconds.</msg>
<arg>15s</arg>
<doc>Pauses the test executed for the given time.</doc>
<status status="PASS" start="2025-05-03T11:27:17.666285" elapsed="15.001214"/>
</kw>
<status status="PASS" start="2025-05-03T11:27:17.666075" elapsed="15.001579"/>
</kw>
<msg time="2025-05-03T11:27:32.667759" level="INFO">${status} = True</msg>
<var>${status}</var>
<arg>I should proceed to next step</arg>
<doc>Runs the given keyword with given arguments and returns the status as a Boolean value.</doc>
<status status="PASS" start="2025-05-03T11:27:17.665858" elapsed="15.002017"/>
</kw>
<return>
<value>${status}</value>
<status status="PASS" start="2025-05-03T11:27:32.667965" elapsed="0.000360"/>
</return>
<status status="PASS" start="2025-05-03T11:27:17.664828" elapsed="15.003635"/>
</kw>
<kw name="Close Browser" owner="SeleniumLibrary" type="TEARDOWN">
<doc>Closes the current browser.</doc>
<status status="PASS" start="2025-05-03T11:27:32.670164" elapsed="2.547005"/>
</kw>
<status status="PASS" start="2025-05-03T11:26:49.090504" elapsed="46.127228"/>
</test>
<status status="PASS" start="2025-05-03T11:14:50.663012" elapsed="764.556180"/>
</suite>
<status status="PASS" start="2025-05-03T11:14:50.647342" elapsed="764.573265"/>
</suite>
<statistics>
<total>
<stat pass="16" fail="0" skip="0">All Tests</stat>
</total>
<tag>
</tag>
<suite>
<stat name="Fb-Signup-Test-Automation" id="s1" pass="16" fail="0" skip="0">Fb-Signup-Test-Automation</stat>
<stat name="Final Signup Test" id="s1-s1" pass="16" fail="0" skip="0">Fb-Signup-Test-Automation.Final Signup Test</stat>
</suite>
</statistics>
<errors>
<msg time="2025-05-03T11:14:54.528464" level="WARN">Title mismatch. Expected: Sign Up for Facebook | Facebook, Actual: Sign Up for Facebook</msg>
<msg time="2025-05-03T11:15:39.405969" level="WARN">Title mismatch. Expected: Sign Up for Facebook | Facebook, Actual: Sign Up for Facebook</msg>
<msg time="2025-05-03T11:16:24.147219" level="WARN">Title mismatch. Expected: Sign Up for Facebook | Facebook, Actual: Sign Up for Facebook</msg>
<msg time="2025-05-03T11:17:09.037154" level="WARN">Title mismatch. Expected: Sign Up for Facebook | Facebook, Actual: Sign Up for Facebook</msg>
<msg time="2025-05-03T11:17:53.869847" level="WARN">Title mismatch. Expected: Sign Up for Facebook | Facebook, Actual: Sign Up for Facebook</msg>
<msg time="2025-05-03T11:18:38.712188" level="WARN">Title mismatch. Expected: Sign Up for Facebook | Facebook, Actual: Sign Up for Facebook</msg>
<msg time="2025-05-03T11:19:23.571780" level="WARN">Title mismatch. Expected: Sign Up for Facebook | Facebook, Actual: Sign Up for Facebook</msg>
<msg time="2025-05-03T11:20:08.278796" level="WARN">Title mismatch. Expected: Sign Up for Facebook | Facebook, Actual: Sign Up for Facebook</msg>
<msg time="2025-05-03T11:20:53.028248" level="WARN">Title mismatch. Expected: Sign Up for Facebook | Facebook, Actual: Sign Up for Facebook</msg>
<msg time="2025-05-03T11:21:37.956178" level="WARN">Title mismatch. Expected: Sign Up for Facebook | Facebook, Actual: Sign Up for Facebook</msg>
<msg time="2025-05-03T11:22:22.723023" level="WARN">Title mismatch. Expected: Sign Up for Facebook | Facebook, Actual: Sign Up for Facebook</msg>
<msg time="2025-05-03T11:23:03.916941" level="WARN">Title mismatch. Expected: Sign Up for Facebook | Facebook, Actual: Sign Up for Facebook</msg>
<msg time="2025-05-03T11:23:49.780354" level="WARN">Title mismatch. Expected: Sign Up for Facebook | Facebook, Actual: Sign Up for Facebook</msg>
<msg time="2025-05-03T11:24:35.599522" level="WARN">Title mismatch. Expected: Sign Up for Facebook | Facebook, Actual: Sign Up for Facebook</msg>
<msg time="2025-05-03T11:25:21.419995" level="WARN">Title mismatch. Expected: Sign Up for Facebook | Facebook, Actual: Sign Up for Facebook</msg>
<msg time="2025-05-03T11:26:07.330599" level="WARN">Title mismatch. Expected: Sign Up for Facebook | Facebook, Actual: Sign Up for Facebook</msg>
<msg time="2025-05-03T11:26:52.869194" level="WARN">Title mismatch. Expected: Sign Up for Facebook | Facebook, Actual: Sign Up for Facebook</msg>
</errors>
</robot>
