<?xml version="1.0" encoding="UTF-8"?>
<robot generator="Robot 7.2.2 (Python 3.13.3 on win32)" generated="2025-04-20T21:54:25.035749" rpa="false" schemaversion="5">
<suite id="s1" name="Fb-Signup-Test-Automation" source="c:\Users\John Paolo\Desktop\Thesis\fb-signup-test-automation">
<suite id="s1-s1" name="Revised Signup Test" source="c:\Users\John Paolo\Desktop\Thesis\fb-signup-test-automation\revised_signup_test.robot">
<test id="s1-s1-t1" name="Invalid Password With Only 4 Characters (Too Short)" line="282">
<kw name="Given The user opens Chrome browser in incognito mode" owner="revised_resource">
<kw name="Evaluate" owner="BuiltIn">
<msg time="2025-04-20T21:54:25.235983" level="INFO">${options} = &lt;selenium.webdriver.chrome.options.Options object at 0x00000279E4F1C1A0&gt;</msg>
<var>${options}</var>
<arg>sys.modules['selenium.webdriver'].ChromeOptions()</arg>
<arg>sys</arg>
<doc>Evaluates the given expression in Python and returns the result.</doc>
<status status="PASS" start="2025-04-20T21:54:25.235524" elapsed="0.000691"/>
</kw>
<kw name="Call Method" owner="BuiltIn">
<arg>${options}</arg>
<arg>add_argument</arg>
<arg>--incognito</arg>
<doc>Calls the named method of the given object with the provided arguments.</doc>
<status status="PASS" start="2025-04-20T21:54:25.236416" elapsed="0.000475"/>
</kw>
<kw name="Create Webdriver" owner="SeleniumLibrary">
<msg time="2025-04-20T21:54:25.237417" level="INFO">Creating an instance of the Chrome WebDriver.</msg>
<arg>Chrome</arg>
<arg>options=${options}</arg>
<doc>Creates an instance of Selenium WebDriver.</doc>
<status status="PASS" start="2025-04-20T21:54:25.237083" elapsed="1.193161"/>
</kw>
<kw name="Maximize Browser Window" owner="SeleniumLibrary">
<doc>Maximizes current browser window.</doc>
<status status="PASS" start="2025-04-20T21:54:26.430682" elapsed="0.026783"/>
</kw>
<kw name="Set Selenium Speed" owner="SeleniumLibrary">
<arg>${DELAY}</arg>
<doc>Sets the delay that is waited after each Selenium command.</doc>
<status status="PASS" start="2025-04-20T21:54:26.457693" elapsed="0.000389"/>
</kw>
<doc>Opens a new Chrome browser window in incognito mode</doc>
<status status="PASS" start="2025-04-20T21:54:25.233568" elapsed="1.224630"/>
</kw>
<kw name="And The user navigates to Facebook registration page" owner="revised_resource">
<kw name="Go To" owner="SeleniumLibrary">
<msg time="2025-04-20T21:54:26.461302" level="INFO">Opening url 'https://www.facebook.com/r.php?locale=en_US&amp;display=page'</msg>
<arg>${FACEBOOK_REGISTER_URL}</arg>
<doc>Navigates the current browser window to the provided ``url``.</doc>
<status status="PASS" start="2025-04-20T21:54:26.461050" elapsed="1.253256"/>
</kw>
<kw name="Wait Until Page Contains" owner="SeleniumLibrary">
<arg>Sign Up</arg>
<arg>timeout=10s</arg>
<doc>Waits until ``text`` appears on the current page.</doc>
<status status="PASS" start="2025-04-20T21:54:27.715018" elapsed="0.518159"/>
</kw>
<kw name="Title Should Be" owner="SeleniumLibrary">
<msg time="2025-04-20T21:54:28.746327" level="INFO">Page title is 'Sign Up for Facebook'.</msg>
<arg>Sign Up for Facebook</arg>
<doc>Verifies that the current page title equals ``title``.</doc>
<status status="PASS" start="2025-04-20T21:54:28.233406" elapsed="0.513416"/>
</kw>
<doc>Navigates to Facebook's registration page</doc>
<status status="PASS" start="2025-04-20T21:54:26.459690" elapsed="2.287309"/>
</kw>
<kw name="When The user enters a valid first name &quot;John Crisistom&quot;" owner="revised_resource">
<kw name="Input Text" owner="SeleniumLibrary">
<msg time="2025-04-20T21:54:28.750218" level="INFO">Typing text 'John Crisistom' into text field 'name=firstname'.</msg>
<arg>name=firstname</arg>
<arg>John Crisistom</arg>
<doc>Types the given ``text`` into the text field identified by ``locator``.</doc>
<status status="PASS" start="2025-04-20T21:54:28.749682" elapsed="1.598892"/>
</kw>
<doc>Enters first name in the registration form</doc>
<status status="PASS" start="2025-04-20T21:54:28.748389" elapsed="1.600723"/>
</kw>
<kw name="And The user enters a valid last name &quot;Rosales&quot;" owner="revised_resource">
<kw name="Input Text" owner="SeleniumLibrary">
<msg time="2025-04-20T21:54:30.357862" level="INFO">Typing text 'Rosales' into text field 'name=lastname'.</msg>
<arg>name=lastname</arg>
<arg>Rosales</arg>
<doc>Types the given ``text`` into the text field identified by ``locator``.</doc>
<status status="PASS" start="2025-04-20T21:54:30.357144" elapsed="1.582819"/>
</kw>
<doc>Enters last name in the registration form</doc>
<status status="PASS" start="2025-04-20T21:54:30.352863" elapsed="1.587706"/>
</kw>
<kw name="And The user selects birthdate November 17, 1994" owner="revised_resource">
<kw name="Select From List By Value" owner="SeleniumLibrary">
<msg time="2025-04-20T21:54:31.947413" level="INFO">Selecting options from selection list 'name=birthday_month' by value 11.</msg>
<arg>name=birthday_month</arg>
<arg>11</arg>
<doc>Selects options from selection list ``locator`` by ``values``.</doc>
<status status="PASS" start="2025-04-20T21:54:31.947199" elapsed="4.125977"/>
</kw>
<kw name="Select From List By Value" owner="SeleniumLibrary">
<msg time="2025-04-20T21:54:36.073737" level="INFO">Selecting options from selection list 'name=birthday_day' by value 17.</msg>
<arg>name=birthday_day</arg>
<arg>17</arg>
<doc>Selects options from selection list ``locator`` by ``values``.</doc>
<status status="PASS" start="2025-04-20T21:54:36.073432" elapsed="4.067311"/>
</kw>
<kw name="Select From List By Value" owner="SeleniumLibrary">
<msg time="2025-04-20T21:54:40.141630" level="INFO">Selecting options from selection list 'name=birthday_year' by value 1994.</msg>
<arg>name=birthday_year</arg>
<arg>1994</arg>
<doc>Selects options from selection list ``locator`` by ``values``.</doc>
<status status="PASS" start="2025-04-20T21:54:40.141152" elapsed="4.072160"/>
</kw>
<doc>Selects birthdate in the registration form</doc>
<status status="PASS" start="2025-04-20T21:54:31.945535" elapsed="12.267998"/>
</kw>
<kw name="And The user selects male gender" owner="revised_resource">
<kw name="Click Element" owner="SeleniumLibrary">
<msg time="2025-04-20T21:54:44.217073" level="INFO">Clicking element 'xpath=//input[@name='sex' and @value='2']'.</msg>
<arg>xpath=//input[@name='sex' and @value='2']</arg>
<doc>Click the element identified by ``locator``.</doc>
<status status="PASS" start="2025-04-20T21:54:44.216816" elapsed="1.060626"/>
</kw>
<doc>Selects male gender option</doc>
<status status="PASS" start="2025-04-20T21:54:44.215006" elapsed="1.062673"/>
</kw>
<kw name="And The user enters a valid email &quot;natsuxlucy02@gmail.com&quot;" owner="revised_resource">
<kw name="Input Text" owner="SeleniumLibrary">
<msg time="2025-04-20T21:54:45.281272" level="INFO">Typing text 'natsuxlucy02@gmail.com' into text field 'name=reg_email__'.</msg>
<arg>name=reg_email__</arg>
<arg>natsuxlucy02@gmail.com</arg>
<doc>Types the given ``text`` into the text field identified by ``locator``.</doc>
<status status="PASS" start="2025-04-20T21:54:45.281037" elapsed="1.574707"/>
</kw>
<doc>Enters email in registration form</doc>
<status status="PASS" start="2025-04-20T21:54:45.279826" elapsed="1.576138"/>
</kw>
<kw name="And The user enters password &quot;aB1@&quot;" owner="revised_resource">
<kw name="Input Password" owner="SeleniumLibrary">
<msg time="2025-04-20T21:54:46.859689" level="INFO">Typing password into text field 'name=reg_passwd__'.</msg>
<msg time="2025-04-20T21:54:47.887004" level="INFO">Temporally setting log level to: NONE</msg>
<arg>name=reg_passwd__</arg>
<arg>aB1@</arg>
<doc>Types the given password into the text field identified by ``locator``.</doc>
<status status="PASS" start="2025-04-20T21:54:46.859429" elapsed="1.560855"/>
</kw>
<doc>Enters password in registration form</doc>
<status status="PASS" start="2025-04-20T21:54:46.857239" elapsed="1.563242"/>
</kw>
<kw name="And The user clicks the submit button" owner="revised_resource">
<kw name="Click Button" owner="SeleniumLibrary">
<msg time="2025-04-20T21:54:48.424902" level="INFO">Clicking button 'name=websubmit'.</msg>
<arg>name=websubmit</arg>
<doc>Clicks the button identified by ``locator``.</doc>
<status status="PASS" start="2025-04-20T21:54:48.424453" elapsed="2.574143"/>
</kw>
<doc>Clicks the registration submit button</doc>
<status status="PASS" start="2025-04-20T21:54:48.422673" elapsed="2.576228"/>
</kw>
<kw name="Then The system should not accept the password" owner="revised_resource">
<kw name="Sleep" owner="BuiltIn">
<msg time="2025-04-20T21:55:06.003338" level="INFO">Slept 15 seconds.</msg>
<arg>15s</arg>
<doc>Pauses the test executed for the given time.</doc>
<status status="PASS" start="2025-04-20T21:54:51.002540" elapsed="15.001120"/>
</kw>
<kw name="Wait Until Element Is Visible" owner="SeleniumLibrary">
<arg>css:._5dbb</arg>
<arg>timeout=15s</arg>
<doc>Waits until the element ``locator`` is visible.</doc>
<status status="PASS" start="2025-04-20T21:55:06.003863" elapsed="1.018318"/>
</kw>
<doc>Verifies password was rejected</doc>
<status status="PASS" start="2025-04-20T21:54:51.001131" elapsed="16.021301"/>
</kw>
<kw name="Close Browser" owner="SeleniumLibrary" type="TEARDOWN">
<doc>Closes the current browser.</doc>
<status status="PASS" start="2025-04-20T21:55:07.024524" elapsed="2.586654"/>
</kw>
<status status="PASS" start="2025-04-20T21:54:25.232403" elapsed="44.379128"/>
</test>
<status status="PASS" start="2025-04-20T21:54:25.054974" elapsed="44.557476"/>
</suite>
<status status="PASS" start="2025-04-20T21:54:25.039186" elapsed="44.574149"/>
</suite>
<statistics>
<total>
<stat pass="1" fail="0" skip="0">All Tests</stat>
</total>
<tag>
</tag>
<suite>
<stat name="Fb-Signup-Test-Automation" id="s1" pass="1" fail="0" skip="0">Fb-Signup-Test-Automation</stat>
<stat name="Revised Signup Test" id="s1-s1" pass="1" fail="0" skip="0">Fb-Signup-Test-Automation.Revised Signup Test</stat>
</suite>
</statistics>
<errors>
</errors>
</robot>
