<?xml version="1.0" encoding="UTF-8"?>
<robot generator="Robot 7.2.2 (Python 3.13.2 on win32)" generated="2025-04-05T11:00:37.560731" rpa="false" schemaversion="5">
<suite id="s1" name="Fb-Signup-Test-Automation" source="c:\Users\John Paolo\Desktop\Thesis\fb-signup-test-automation">
<suite id="s1-s1" name="Signup Test" source="c:\Users\John Paolo\Desktop\Thesis\fb-signup-test-automation\signup_test.robot">
<test id="s1-s1-t1" name="Valid Mobile Number With +63 No Spaces" line="8">
<kw name="Given Browser Is Opened To Facebook Registration Page" owner="resource">
<kw name="Evaluate" owner="BuiltIn">
<msg time="2025-04-05T11:00:37.767438" level="INFO">${chrome_options} = &lt;selenium.webdriver.chrome.options.Options object at 0x00000257EC6E4440&gt;</msg>
<var>${chrome_options}</var>
<arg>sys.modules['selenium.webdriver'].ChromeOptions()</arg>
<arg>modules=sys</arg>
<doc>Evaluates the given expression in Python and returns the result.</doc>
<status status="PASS" start="2025-04-05T11:00:37.767056" elapsed="0.000528"/>
</kw>
<kw name="Call Method" owner="BuiltIn">
<arg>${chrome_options}</arg>
<arg>add_argument</arg>
<arg>--incognito</arg>
<doc>Calls the named method of the given object with the provided arguments.</doc>
<status status="PASS" start="2025-04-05T11:00:37.767750" elapsed="0.000230"/>
</kw>
<kw name="Create Webdriver" owner="SeleniumLibrary">
<msg time="2025-04-05T11:00:37.768355" level="INFO">Creating an instance of the Chrome WebDriver.</msg>
<arg>Chrome</arg>
<arg>options=${chrome_options}</arg>
<doc>Creates an instance of Selenium WebDriver.</doc>
<status status="PASS" start="2025-04-05T11:00:37.768116" elapsed="1.323308"/>
</kw>
<kw name="Go To" owner="SeleniumLibrary">
<msg time="2025-04-05T11:00:39.092595" level="INFO">Opening url 'https://www.facebook.com/r.php?locale=en_US&amp;display=page'</msg>
<arg>${FACEBOOK_REGISTER_URL}</arg>
<doc>Navigates the current browser window to the provided ``url``.</doc>
<status status="PASS" start="2025-04-05T11:00:39.091918" elapsed="0.776881"/>
</kw>
<kw name="Maximize Browser Window" owner="SeleniumLibrary">
<doc>Maximizes current browser window.</doc>
<status status="PASS" start="2025-04-05T11:00:39.869129" elapsed="0.031156"/>
</kw>
<kw name="Set Selenium Speed" owner="SeleniumLibrary">
<arg>${DELAY}</arg>
<doc>Sets the delay that is waited after each Selenium command.</doc>
<status status="PASS" start="2025-04-05T11:00:39.900650" elapsed="0.000665"/>
</kw>
<kw name="Registration Page Should Be Open" owner="resource">
<kw name="Title Should Be" owner="SeleniumLibrary">
<msg time="2025-04-05T11:00:40.409628" level="INFO">Page title is 'Sign Up for Facebook'.</msg>
<arg>Sign Up for Facebook</arg>
<doc>Verifies that the current page title equals ``title``.</doc>
<status status="PASS" start="2025-04-05T11:00:39.902355" elapsed="0.507605"/>
</kw>
<status status="PASS" start="2025-04-05T11:00:39.901690" elapsed="0.508442"/>
</kw>
<status status="PASS" start="2025-04-05T11:00:37.765579" elapsed="2.644639"/>
</kw>
<kw name="When User Enters Valid Credentials With Mobile Number" owner="resource">
<kw name="Input Text" owner="SeleniumLibrary">
<msg time="2025-04-05T11:00:40.413421" level="INFO">Typing text 'John Crisistom' into text field 'name:firstname'.</msg>
<arg>name:firstname</arg>
<arg>${VALID_FIRST_NAME}</arg>
<doc>Types the given ``text`` into the text field identified by ``locator``.</doc>
<status status="PASS" start="2025-04-05T11:00:40.412956" elapsed="1.590721"/>
</kw>
<kw name="Input Text" owner="SeleniumLibrary">
<msg time="2025-04-05T11:00:42.004270" level="INFO">Typing text 'Rosales' into text field 'name:lastname'.</msg>
<arg>name:lastname</arg>
<arg>${VALID_LAST_NAME}</arg>
<doc>Types the given ``text`` into the text field identified by ``locator``.</doc>
<status status="PASS" start="2025-04-05T11:00:42.003927" elapsed="1.563069"/>
</kw>
<kw name="Click Element" owner="SeleniumLibrary">
<msg time="2025-04-05T11:00:43.567569" level="INFO">Clicking element 'name:birthday_month'.</msg>
<arg>name:birthday_month</arg>
<doc>Click the element identified by ``locator``.</doc>
<status status="PASS" start="2025-04-05T11:00:43.567263" elapsed="1.061190"/>
</kw>
<kw name="Select From List By Value" owner="SeleniumLibrary">
<msg time="2025-04-05T11:00:44.629109" level="INFO">Selecting options from selection list 'name:birthday_month' by value 11.</msg>
<arg>name:birthday_month</arg>
<arg>${VALID_MONTH}</arg>
<doc>Selects options from selection list ``locator`` by ``values``.</doc>
<status status="PASS" start="2025-04-05T11:00:44.628715" elapsed="4.071947"/>
</kw>
<kw name="Click Element" owner="SeleniumLibrary">
<msg time="2025-04-05T11:00:48.701231" level="INFO">Clicking element 'name:birthday_day'.</msg>
<arg>name:birthday_day</arg>
<doc>Click the element identified by ``locator``.</doc>
<status status="PASS" start="2025-04-05T11:00:48.700927" elapsed="1.074196"/>
</kw>
<kw name="Select From List By Value" owner="SeleniumLibrary">
<msg time="2025-04-05T11:00:49.775820" level="INFO">Selecting options from selection list 'name:birthday_day' by value 17.</msg>
<arg>name:birthday_day</arg>
<arg>${VALID_DAY}</arg>
<doc>Selects options from selection list ``locator`` by ``values``.</doc>
<status status="PASS" start="2025-04-05T11:00:49.775422" elapsed="4.067651"/>
</kw>
<kw name="Click Element" owner="SeleniumLibrary">
<msg time="2025-04-05T11:00:53.843650" level="INFO">Clicking element 'name:birthday_year'.</msg>
<arg>name:birthday_year</arg>
<doc>Click the element identified by ``locator``.</doc>
<status status="PASS" start="2025-04-05T11:00:53.843340" elapsed="1.076254"/>
</kw>
<kw name="Select From List By Value" owner="SeleniumLibrary">
<msg time="2025-04-05T11:00:54.920244" level="INFO">Selecting options from selection list 'name:birthday_year' by value 1994.</msg>
<arg>name:birthday_year</arg>
<arg>${VALID_YEAR}</arg>
<doc>Selects options from selection list ``locator`` by ``values``.</doc>
<status status="PASS" start="2025-04-05T11:00:54.919861" elapsed="4.073712"/>
</kw>
<kw name="Click Element" owner="SeleniumLibrary">
<msg time="2025-04-05T11:00:58.994321" level="INFO">Clicking element 'css:input[name="sex"][value="2"]'.</msg>
<arg>css:input[name="sex"][value="2"]</arg>
<doc>Click the element identified by ``locator``.</doc>
<status status="PASS" start="2025-04-05T11:00:58.993962" elapsed="1.057876"/>
</kw>
<kw name="Input Text" owner="SeleniumLibrary">
<msg time="2025-04-05T11:01:00.052455" level="INFO">Typing text '+639162856862' into text field 'name:reg_email__'.</msg>
<arg>name:reg_email__</arg>
<arg>${mobile_number}</arg>
<doc>Types the given ``text`` into the text field identified by ``locator``.</doc>
<status status="PASS" start="2025-04-05T11:01:00.052081" elapsed="1.577393"/>
</kw>
<kw name="Input Text" owner="SeleniumLibrary">
<msg time="2025-04-05T11:01:01.630376" level="INFO">Typing text 'Paolo095!' into text field 'name:reg_passwd__'.</msg>
<arg>name:reg_passwd__</arg>
<arg>${VALID_PASSWORD}</arg>
<doc>Types the given ``text`` into the text field identified by ``locator``.</doc>
<status status="PASS" start="2025-04-05T11:01:01.629803" elapsed="1.559389"/>
</kw>
<kw name="Click Button" owner="SeleniumLibrary">
<msg time="2025-04-05T11:01:03.189754" level="INFO">Clicking button 'name:websubmit'.</msg>
<arg>name:websubmit</arg>
<doc>Clicks the button identified by ``locator``.</doc>
<status status="PASS" start="2025-04-05T11:01:03.189458" elapsed="2.565658"/>
</kw>
<arg>${MOBILE_+63_NO_SPACES}</arg>
<status status="PASS" start="2025-04-05T11:00:40.411582" elapsed="25.343823"/>
</kw>
<kw name="Then Confirm Mobile Number Page Should Be Displayed" owner="resource">
<kw name="Wait Until Page Contains" owner="SeleniumLibrary">
<msg time="2025-04-05T11:01:26.938493" level="INFO" html="true">&lt;/td&gt;&lt;/tr&gt;&lt;tr&gt;&lt;td colspan="3"&gt;&lt;a href="selenium-screenshot-2.png"&gt;&lt;img src="selenium-screenshot-2.png" width="800px"&gt;&lt;/a&gt;</msg>
<msg time="2025-04-05T11:01:26.938995" level="FAIL">Text 'Enter the code from your mobile number' did not appear in 20 seconds.</msg>
<arg>Enter the code from your mobile number</arg>
<arg>timeout=20s</arg>
<doc>Waits until ``text`` appears on the current page.</doc>
<status status="FAIL" start="2025-04-05T11:01:05.758091" elapsed="21.183864">Text 'Enter the code from your mobile number' did not appear in 20 seconds.</status>
</kw>
<kw name="Page Should Contain Element" owner="SeleniumLibrary">
<arg>css:input[name="code"]</arg>
<doc>Verifies that element ``locator`` is found on the current page.</doc>
<status status="NOT RUN" start="2025-04-05T11:01:26.942168" elapsed="0.000136"/>
</kw>
<status status="FAIL" start="2025-04-05T11:01:05.756709" elapsed="21.185727">Text 'Enter the code from your mobile number' did not appear in 20 seconds.</status>
</kw>
<kw name="Close Browser" owner="SeleniumLibrary" type="TEARDOWN">
<doc>Closes the current browser.</doc>
<status status="PASS" start="2025-04-05T11:01:26.943805" elapsed="2.583095"/>
</kw>
<status status="FAIL" start="2025-04-05T11:00:37.764691" elapsed="51.762667">Text 'Enter the code from your mobile number' did not appear in 20 seconds.</status>
</test>
<status status="FAIL" start="2025-04-05T11:00:37.579427" elapsed="51.948963"/>
</suite>
<status status="FAIL" start="2025-04-05T11:00:37.564106" elapsed="51.965534"/>
</suite>
<statistics>
<total>
<stat pass="0" fail="1" skip="0">All Tests</stat>
</total>
<tag>
</tag>
<suite>
<stat name="Fb-Signup-Test-Automation" id="s1" pass="0" fail="1" skip="0">Fb-Signup-Test-Automation</stat>
<stat name="Signup Test" id="s1-s1" pass="0" fail="1" skip="0">Fb-Signup-Test-Automation.Signup Test</stat>
</suite>
</statistics>
<errors>
</errors>
</robot>
