<?xml version="1.0" encoding="UTF-8"?>
<robot generator="Robot 7.2.2 (Python 3.13.2 on win32)" generated="2025-04-05T11:13:10.096194" rpa="false" schemaversion="5">
<suite id="s1" name="Fb-Signup-Test-Automation" source="c:\Users\John Paolo\Desktop\Thesis\fb-signup-test-automation">
<suite id="s1-s1" name="Signup Test" source="c:\Users\John Paolo\Desktop\Thesis\fb-signup-test-automation\signup_test.robot">
<test id="s1-s1-t1" name="Valid Mobile Number With Spaces" line="18">
<kw name="Given Browser Is Opened To Facebook Registration Page" owner="resource">
<kw name="Evaluate" owner="BuiltIn">
<msg time="2025-04-05T11:13:10.302804" level="INFO">${chrome_options} = &lt;selenium.webdriver.chrome.options.Options object at 0x000001D9B13E4440&gt;</msg>
<var>${chrome_options}</var>
<arg>sys.modules['selenium.webdriver'].ChromeOptions()</arg>
<arg>modules=sys</arg>
<doc>Evaluates the given expression in Python and returns the result.</doc>
<status status="PASS" start="2025-04-05T11:13:10.302441" elapsed="0.000506"/>
</kw>
<kw name="Call Method" owner="BuiltIn">
<arg>${chrome_options}</arg>
<arg>add_argument</arg>
<arg>--incognito</arg>
<doc>Calls the named method of the given object with the provided arguments.</doc>
<status status="PASS" start="2025-04-05T11:13:10.303114" elapsed="0.000250"/>
</kw>
<kw name="Create Webdriver" owner="SeleniumLibrary">
<msg time="2025-04-05T11:13:10.303954" level="INFO">Creating an instance of the Chrome WebDriver.</msg>
<arg>Chrome</arg>
<arg>options=${chrome_options}</arg>
<doc>Creates an instance of Selenium WebDriver.</doc>
<status status="PASS" start="2025-04-05T11:13:10.303501" elapsed="1.299084"/>
</kw>
<kw name="Go To" owner="SeleniumLibrary">
<msg time="2025-04-05T11:13:11.603241" level="INFO">Opening url 'https://www.facebook.com/r.php?locale=en_US&amp;display=page'</msg>
<arg>${FACEBOOK_REGISTER_URL}</arg>
<doc>Navigates the current browser window to the provided ``url``.</doc>
<status status="PASS" start="2025-04-05T11:13:11.602825" elapsed="0.670982"/>
</kw>
<kw name="Maximize Browser Window" owner="SeleniumLibrary">
<doc>Maximizes current browser window.</doc>
<status status="PASS" start="2025-04-05T11:13:12.274071" elapsed="0.027057"/>
</kw>
<kw name="Set Selenium Speed" owner="SeleniumLibrary">
<arg>${DELAY}</arg>
<doc>Sets the delay that is waited after each Selenium command.</doc>
<status status="PASS" start="2025-04-05T11:13:12.301395" elapsed="0.000397"/>
</kw>
<kw name="Registration Page Should Be Open" owner="resource">
<kw name="Title Should Be" owner="SeleniumLibrary">
<msg time="2025-04-05T11:13:12.807305" level="INFO">Page title is 'Sign Up for Facebook'.</msg>
<arg>Sign Up for Facebook</arg>
<doc>Verifies that the current page title equals ``title``.</doc>
<status status="PASS" start="2025-04-05T11:13:12.302291" elapsed="0.505335"/>
</kw>
<status status="PASS" start="2025-04-05T11:13:12.301974" elapsed="0.505816"/>
</kw>
<status status="PASS" start="2025-04-05T11:13:10.300815" elapsed="2.507062"/>
</kw>
<kw name="When User Enters Valid Credentials With Mobile Number" owner="resource">
<kw name="Input Text" owner="SeleniumLibrary">
<msg time="2025-04-05T11:13:12.811479" level="INFO">Typing text 'John Crisistom' into text field 'name:firstname'.</msg>
<arg>name:firstname</arg>
<arg>${VALID_FIRST_NAME}</arg>
<doc>Types the given ``text`` into the text field identified by ``locator``.</doc>
<status status="PASS" start="2025-04-05T11:13:12.811000" elapsed="1.592065"/>
</kw>
<kw name="Input Text" owner="SeleniumLibrary">
<msg time="2025-04-05T11:13:14.403925" level="INFO">Typing text 'Rosales' into text field 'name:lastname'.</msg>
<arg>name:lastname</arg>
<arg>${VALID_LAST_NAME}</arg>
<doc>Types the given ``text`` into the text field identified by ``locator``.</doc>
<status status="PASS" start="2025-04-05T11:13:14.403437" elapsed="1.580324"/>
</kw>
<kw name="Click Element" owner="SeleniumLibrary">
<msg time="2025-04-05T11:13:15.984329" level="INFO">Clicking element 'name:birthday_month'.</msg>
<arg>name:birthday_month</arg>
<doc>Click the element identified by ``locator``.</doc>
<status status="PASS" start="2025-04-05T11:13:15.984013" elapsed="1.059083"/>
</kw>
<kw name="Select From List By Value" owner="SeleniumLibrary">
<msg time="2025-04-05T11:13:17.043744" level="INFO">Selecting options from selection list 'name:birthday_month' by value 11.</msg>
<arg>name:birthday_month</arg>
<arg>${VALID_MONTH}</arg>
<doc>Selects options from selection list ``locator`` by ``values``.</doc>
<status status="PASS" start="2025-04-05T11:13:17.043366" elapsed="4.075820"/>
</kw>
<kw name="Click Element" owner="SeleniumLibrary">
<msg time="2025-04-05T11:13:21.119732" level="INFO">Clicking element 'name:birthday_day'.</msg>
<arg>name:birthday_day</arg>
<doc>Click the element identified by ``locator``.</doc>
<status status="PASS" start="2025-04-05T11:13:21.119437" elapsed="1.071367"/>
</kw>
<kw name="Select From List By Value" owner="SeleniumLibrary">
<msg time="2025-04-05T11:13:22.191502" level="INFO">Selecting options from selection list 'name:birthday_day' by value 17.</msg>
<arg>name:birthday_day</arg>
<arg>${VALID_DAY}</arg>
<doc>Selects options from selection list ``locator`` by ``values``.</doc>
<status status="PASS" start="2025-04-05T11:13:22.191121" elapsed="4.064748"/>
</kw>
<kw name="Click Element" owner="SeleniumLibrary">
<msg time="2025-04-05T11:13:26.256427" level="INFO">Clicking element 'name:birthday_year'.</msg>
<arg>name:birthday_year</arg>
<doc>Click the element identified by ``locator``.</doc>
<status status="PASS" start="2025-04-05T11:13:26.256139" elapsed="1.075389"/>
</kw>
<kw name="Select From List By Value" owner="SeleniumLibrary">
<msg time="2025-04-05T11:13:27.332145" level="INFO">Selecting options from selection list 'name:birthday_year' by value 1994.</msg>
<arg>name:birthday_year</arg>
<arg>${VALID_YEAR}</arg>
<doc>Selects options from selection list ``locator`` by ``values``.</doc>
<status status="PASS" start="2025-04-05T11:13:27.331784" elapsed="4.065905"/>
</kw>
<kw name="Click Element" owner="SeleniumLibrary">
<msg time="2025-04-05T11:13:31.398301" level="INFO">Clicking element 'css:input[name="sex"][value="2"]'.</msg>
<arg>css:input[name="sex"][value="2"]</arg>
<doc>Click the element identified by ``locator``.</doc>
<status status="PASS" start="2025-04-05T11:13:31.397976" elapsed="1.059029"/>
</kw>
<kw name="Input Text" owner="SeleniumLibrary">
<msg time="2025-04-05T11:13:32.457892" level="INFO">Typing text '+63 916 285 6862' into text field 'name:reg_email__'.</msg>
<arg>name:reg_email__</arg>
<arg>${mobile_number}</arg>
<doc>Types the given ``text`` into the text field identified by ``locator``.</doc>
<status status="PASS" start="2025-04-05T11:13:32.457336" elapsed="1.570045"/>
</kw>
<kw name="Input Text" owner="SeleniumLibrary">
<msg time="2025-04-05T11:13:34.028080" level="INFO">Typing text 'Paolo095!' into text field 'name:reg_passwd__'.</msg>
<arg>name:reg_passwd__</arg>
<arg>${VALID_PASSWORD}</arg>
<doc>Types the given ``text`` into the text field identified by ``locator``.</doc>
<status status="PASS" start="2025-04-05T11:13:34.027697" elapsed="1.560882"/>
</kw>
<kw name="Click Button" owner="SeleniumLibrary">
<msg time="2025-04-05T11:13:35.589164" level="INFO">Clicking button 'name:websubmit'.</msg>
<arg>name:websubmit</arg>
<doc>Clicks the button identified by ``locator``.</doc>
<status status="PASS" start="2025-04-05T11:13:35.588845" elapsed="2.575148"/>
</kw>
<arg>${MOBILE_WITH_SPACES}</arg>
<status status="PASS" start="2025-04-05T11:13:12.809127" elapsed="25.355096"/>
</kw>
<kw name="Then Confirm Mobile Number Page Should Be Displayed" owner="resource">
<kw name="Sleep" owner="BuiltIn">
<msg time="2025-04-05T11:13:48.168339" level="INFO">Slept 10 seconds.</msg>
<arg>10s</arg>
<doc>Pauses the test executed for the given time.</doc>
<status status="PASS" start="2025-04-05T11:13:38.167158" elapsed="10.001487"/>
</kw>
<kw name="Wait Until Element Is Visible" owner="SeleniumLibrary">
<arg>css:._5dbb</arg>
<arg>timeout=15s</arg>
<doc>Waits until the element ``locator`` is visible.</doc>
<status status="PASS" start="2025-04-05T11:13:48.168863" elapsed="1.018276"/>
</kw>
<status status="PASS" start="2025-04-05T11:13:38.165539" elapsed="11.022001"/>
</kw>
<kw name="Close Browser" owner="SeleniumLibrary" type="TEARDOWN">
<doc>Closes the current browser.</doc>
<status status="PASS" start="2025-04-05T11:13:49.188993" elapsed="2.583434"/>
</kw>
<status status="PASS" start="2025-04-05T11:13:10.299489" elapsed="41.473251"/>
</test>
<status status="PASS" start="2025-04-05T11:13:10.122923" elapsed="41.650898"/>
</suite>
<status status="PASS" start="2025-04-05T11:13:10.101715" elapsed="41.673094"/>
</suite>
<statistics>
<total>
<stat pass="1" fail="0" skip="0">All Tests</stat>
</total>
<tag>
</tag>
<suite>
<stat name="Fb-Signup-Test-Automation" id="s1" pass="1" fail="0" skip="0">Fb-Signup-Test-Automation</stat>
<stat name="Signup Test" id="s1-s1" pass="1" fail="0" skip="0">Fb-Signup-Test-Automation.Signup Test</stat>
</suite>
</statistics>
<errors>
</errors>
</robot>
